<?xml version="1.0" encoding="utf-8"?>
<shfbBuild product="Sandcastle Help File Builder" version="2014.5.31.0" projectFile="Z:\Work\TouchScript\TouchScript\Docs\docs.shfbproj" started="11/5/2014 21:27:21">
<buildStep step="Initializing">
Finding tools...
The Sandcastle tools are located in &#39;C:\Program Files (x86)\EWSoftware\Sandcastle Help File Builder\&#39;
Locating components in the following folder(s):
   Z:\Work\TouchScript\TouchScript\Docs
Using presentation style &#39;VS2010&#39; located in &#39;C:\Program Files (x86)\EWSoftware\Sandcastle Help File Builder\PresentationStyles\VS2010&#39;
</buildStep>
<buildStep step="ValidatingDocumentationSources">
Validating and copying documentation source information
Source: Z:\Work\TouchScript\TouchScript\TouchScript\bin\Release\TouchScript.dll
    Found assembly &#39;Z:\Work\TouchScript\TouchScript\TouchScript\bin\Release\TouchScript.dll&#39;
Source: Z:\Work\TouchScript\TouchScript\TouchScript.Inputs\TouchScript.TUIO\bin\Release\TouchScript.TUIO.dll
    Found assembly &#39;Z:\Work\TouchScript\TouchScript\TouchScript.Inputs\TouchScript.TUIO\bin\Release\TouchScript.TUIO.dll&#39;
Source: Z:\Work\TouchScript\TouchScript\TouchScript.Inputs\TouchScript.TUIO\bin\Release\TouchScript.TUIO.XML
Source: Z:\Work\TouchScript\TouchScript\TouchScript.Inputs\TouchScript.Windows\bin\Release\TouchScript.Windows.dll
    Found assembly &#39;Z:\Work\TouchScript\TouchScript\TouchScript.Inputs\TouchScript.Windows\bin\Release\TouchScript.Windows.dll&#39;
Source: Z:\Work\TouchScript\TouchScript\TouchScript.Inputs\TouchScript.Windows\bin\Release\TouchScript.Windows.XML
Source: Z:\Work\TouchScript\TouchScript\TouchScript.Other\TouchScript.WindowsPhone\TouchScript.WindowsPhone\bin\Release\TouchScript.WindowsPhone.dll
SHFB: Warning BE0006: Unable to locate any documentation sources for &#39;Z:\Work\TouchScript\TouchScript\TouchScript.Other\TouchScript.WindowsPhone\TouchScript.WindowsPhone\bin\Release\TouchScript.WindowsPhone.dll&#39; (Configuration: Debug Platform: AnyCPU)
Source: Z:\Work\TouchScript\TouchScript\TouchScript.Other\TouchScript.WindowsPhone\Editor Plugin\bin\Release\TouchScript.WindowsPhone.Plugin.dll
SHFB: Warning BE0006: Unable to locate any documentation sources for &#39;Z:\Work\TouchScript\TouchScript\TouchScript.Other\TouchScript.WindowsPhone\Editor Plugin\bin\Release\TouchScript.WindowsPhone.Plugin.dll&#39; (Configuration: Debug Platform: AnyCPU)
Source: Z:\Work\TouchScript\TouchScript\TouchScript.Other\TouchScript.WindowsPhone\Editor Plugin\bin\Release\TouchScript.WindowsPhone.Plugin.XML
SHFB: Warning BE0006: Unable to locate any documentation sources for &#39;Z:\Work\TouchScript\TouchScript\TouchScript.Other\TouchScript.WindowsPhone\Editor Plugin\bin\Release\TouchScript.WindowsPhone.Plugin.XML&#39; (Configuration: Debug Platform: AnyCPU)
Source: Z:\Work\TouchScript\TouchScript\TouchScript.Other\TouchScript.WindowsPhone\TouchScript.WindowsPhone\bin\Release\TouchScript.WindowsPhone.XML
SHFB: Warning BE0006: Unable to locate any documentation sources for &#39;Z:\Work\TouchScript\TouchScript\TouchScript.Other\TouchScript.WindowsPhone\TouchScript.WindowsPhone\bin\Release\TouchScript.WindowsPhone.XML&#39; (Configuration: Debug Platform: AnyCPU)
Source: Z:\Work\TouchScript\TouchScript\TouchScript\bin\Release\TouchScript.XML

References to include (excluding framework assemblies):
    OSCsharp
    TUIOsharp
    UnityEditor
    UnityEngine

Copying XML comments files
    Z:\Work\TouchScript\TouchScript\TouchScript.Inputs\TouchScript.TUIO\bin\Release\TouchScript.TUIO.XML -&gt; Z:\Work\TouchScript\TouchScript\Docs\Help\Working\TouchScript.TUIO.XML
    Z:\Work\TouchScript\TouchScript\TouchScript.Inputs\TouchScript.Windows\bin\Release\TouchScript.Windows.XML -&gt; Z:\Work\TouchScript\TouchScript\Docs\Help\Working\TouchScript.Windows.XML
    Z:\Work\TouchScript\TouchScript\TouchScript\bin\Release\TouchScript.XML -&gt; Z:\Work\TouchScript\TouchScript\Docs\Help\Working\TouchScript.XML
</buildStep>
<buildStep step="GenerateSharedContent">
Generating shared content files (en-US, English (United States))...
    Last step completed in 00:00:00.0620
</buildStep>
<buildStep step="GenerateApiFilter">
Generating API filter for MRefBuilder...
    Last step completed in 00:00:00.0200
</buildStep>
<buildStep step="GenerateReflectionInfo">
Generating reflection information...
[C:\Windows\Microsoft.NET\Framework64\v4.0.30319\MSBuild.exe]
Build started 11/5/2014 21:27:22.
Project &quot;Z:\Work\TouchScript\TouchScript\Docs\Help\Working\GenerateRefInfo.proj&quot; on node 1 (default targets).
PrepareForBuild:
  Creating directory &quot;obj\Debug\&quot;.
GenerateRefInfo:
  MRefBuilder (v2014.5.31.0)
  Copyright c 2006-2014, Microsoft Corporation, All Rights Reserved.
  Portions Copyright c 2006-2014, Eric Woodruff, All Rights Reserved.
  Loaded 3 assemblies for reflection and 3 dependency assemblies.
  Wrote information on 12 namespaces, 66 types, and 474 members
  Copying file from &quot;reflection.org&quot; to &quot;reflection.all&quot;.
  XslTransform (v2014.5.31.0)
  Copyright c 2006-2014, Microsoft Corporation, All Rights Reserved.
  Portions Copyright c 2006-2014, Eric Woodruff, All Rights Reserved.
  Applying XSL transformation &#39;C:\Program Files (x86)\EWSoftware\Sandcastle Help File Builder\ProductionTransforms\MergeDuplicates.xsl&#39;.
Done Building Project &quot;Z:\Work\TouchScript\TouchScript\Docs\Help\Working\GenerateRefInfo.proj&quot; (default targets).

Build succeeded.

Time Elapsed 00:00:01.27
    Last step completed in 00:00:01.4571
</buildStep>
<buildStep step="TransformReflectionInfo">
Transforming reflection output...
[C:\Windows\Microsoft.NET\Framework64\v4.0.30319\MSBuild.exe]
Build started 11/5/2014 21:27:24.
Project &quot;Z:\Work\TouchScript\TouchScript\Docs\Help\Working\TransformManifest.proj&quot; on node 1 (default targets).
TransformManifest:
  XslTransform (v2014.5.31.0)
  Copyright c 2006-2014, Microsoft Corporation, All Rights Reserved.
  Portions Copyright c 2006-2014, Eric Woodruff, All Rights Reserved.
  Applying XSL transformation &#39;C:\Program Files (x86)\EWSoftware\Sandcastle Help File Builder\\ProductionTransforms\ApplyVSDocModel.xsl&#39;.
  Copying file from &quot;reflection.xml&quot; to &quot;reflection.nofilenames&quot;.
  XslTransform (v2014.5.31.0)
  Copyright c 2006-2014, Microsoft Corporation, All Rights Reserved.
  Portions Copyright c 2006-2014, Eric Woodruff, All Rights Reserved.
  Applying XSL transformation &#39;C:\Program Files (x86)\EWSoftware\Sandcastle Help File Builder\ProductionTransforms\AddFilenames.xsl&#39;.
    Unique name M_TouchScript_ITouchManager_AddLayer_1 generated for M:TouchScript.ITouchManager.AddLayer(TouchScript.Layers.TouchLayer,System.Int32)
    Unique name M_TouchScript_ITouchManager_GetHitTarget_1 generated for M:TouchScript.ITouchManager.GetHitTarget(UnityEngine.Vector2,TouchScript.Hit.ITouchHit@)
    Unique name M_TouchScript_ITouchManager_GetHitTarget_2 generated for M:TouchScript.ITouchManager.GetHitTarget(UnityEngine.Vector2,TouchScript.Hit.ITouchHit@,TouchScript.Layers.TouchLayer@)
    Unique name M_TouchScript_Tags__ctor_1 generated for M:TouchScript.Tags.#ctor(System.Collections.Generic.IEnumerable{System.String})
    Unique name M_TouchScript_Tags__ctor_2 generated for M:TouchScript.Tags.#ctor(System.String)
    Unique name M_TouchScript_Tags__ctor_3 generated for M:TouchScript.Tags.#ctor(TouchScript.Tags)
    Unique name M_TouchScript_TouchManager_IsInvalidPosition_1 generated for M:TouchScript.TouchManager.IsInvalidPosition(UnityEngine.Vector3)
    Unique name M_TouchScript_Gestures_Gesture_GetTargetHitResult_1 generated for M:TouchScript.Gestures.Gesture.GetTargetHitResult(TouchScript.Hit.ITouchHit@)
    Unique name M_TouchScript_Gestures_Gesture_GetTargetHitResult_2 generated for M:TouchScript.Gestures.Gesture.GetTargetHitResult(UnityEngine.Vector2)
    Unique name M_TouchScript_Gestures_Gesture_GetTargetHitResult_3 generated for M:TouchScript.Gestures.Gesture.GetTargetHitResult(UnityEngine.Vector2,TouchScript.Hit.ITouchHit@)
    Unique name M_TouchScript_Hit_ITouchHitFactory_GetTouchHit_1 generated for M:TouchScript.Hit.ITouchHitFactory.GetTouchHit(UnityEngine.RaycastHit2D)
    Unique name M_TouchScript_Hit_ITouchHitFactory_GetTouchHit_2 generated for M:TouchScript.Hit.ITouchHitFactory.GetTouchHit(UnityEngine.Transform,UnityEngine.Vector3)
    Unique name M_TouchScript_Hit_TouchHitFactory_GetTouchHit_1 generated for M:TouchScript.Hit.TouchHitFactory.GetTouchHit(UnityEngine.RaycastHit2D)
    Unique name M_TouchScript_Hit_TouchHitFactory_GetTouchHit_2 generated for M:TouchScript.Hit.TouchHitFactory.GetTouchHit(UnityEngine.Transform,UnityEngine.Vector3)
    Unique name M_TouchScript_InputSources_InputSource_beginTouch_1 generated for M:TouchScript.InputSources.InputSource.beginTouch(UnityEngine.Vector2,TouchScript.Tags)
  XslTransform (v2014.5.31.0)
  Copyright c 2006-2014, Microsoft Corporation, All Rights Reserved.
  Portions Copyright c 2006-2014, Eric Woodruff, All Rights Reserved.
  Applying XSL transformation &#39;C:\Program Files (x86)\EWSoftware\Sandcastle Help File Builder\ProductionTransforms\ReflectionToManifest.xsl&#39;.
Done Building Project &quot;Z:\Work\TouchScript\TouchScript\Docs\Help\Working\TransformManifest.proj&quot; (default targets).

Build succeeded.

Time Elapsed 00:00:00.86
    Last step completed in 00:00:01.0301
</buildStep>
<buildStep step="GenerateNamespaceSummaries">
Generating namespace summary information...
    Last step completed in 00:00:00.0120
</buildStep>
<buildStep step="GenerateInheritedDocumentation">
Generating inherited documentation...
[C:\Windows\Microsoft.NET\Framework64\v4.0.30319\MSBuild.exe]
Sandcastle Help File Builder, version 2014.5.31.0
Copyright c 2006-2014, Eric Woodruff, All Rights Reserved
E-Mail: Eric@EWoodruff.us

Reflection information will be retrieved from &#39;reflection.xml&#39;
Inherited documentation will be written to &#39;_InheritedDocs_.xml&#39;
Indexing C:\Windows\Microsoft.NET\Framework\v2.0.50727\en\*.xml
Indexing C:\Program Files (x86)\Reference Assemblies\Microsoft\Framework\v3.0\en\*.xml
Indexing C:\Program Files (x86)\Reference Assemblies\Microsoft\Framework\v3.5\*.xml
Indexing Z:\Work\TouchScript\TouchScript\Docs\Help\Working\TouchScript.TUIO.XML
Indexing Z:\Work\TouchScript\TouchScript\Docs\Help\Working\TouchScript.Windows.XML
Indexing Z:\Work\TouchScript\TouchScript\Docs\Help\Working\TouchScript.XML
Indexed 126824 members in 107 file(s).  3 file(s) to scan for &lt;inheritdoc /&gt; tags.
Merging inherited documentation...

SHFB: Warning GID0004: No comments found for member &#39;M:TouchScript.Gestures.Gesture.Awake&#39;
SHFB: Warning GID0004: No comments found for member &#39;M:TouchScript.Gestures.FlickGesture.LateUpdate&#39;

Documentation merged successfully
    Last step completed in 00:00:01.4721
</buildStep>
<buildStep step="CopyAdditionalContent">
Copying additional content files...
No additional content to copy
    Last step completed in 00:00:00.0120
</buildStep>
<buildStep step="MergeTablesOfContents">
Merging conceptual and additional tables of contents...
    Last step completed in 00:00:00.0020
</buildStep>
<buildStep step="GenerateIntermediateTableOfContents">
Generating intermediate table of contents file...
[C:\Windows\Microsoft.NET\Framework64\v4.0.30319\MSBuild.exe]
Build started 11/5/2014 21:27:26.
Project &quot;Z:\Work\TouchScript\TouchScript\Docs\Help\Working\GenerateIntermediateTOC.proj&quot; on node 1 (default targets).
GenerateIntermediateTOC:
  XslTransform (v2014.5.31.0)
  Copyright c 2006-2014, Microsoft Corporation, All Rights Reserved.
  Portions Copyright c 2006-2014, Eric Woodruff, All Rights Reserved.
  Applying XSL transformation &#39;C:\Program Files (x86)\EWSoftware\Sandcastle Help File Builder\\ProductionTransforms\CreateVSToc.xsl&#39;.
Done Building Project &quot;Z:\Work\TouchScript\TouchScript\Docs\Help\Working\GenerateIntermediateTOC.proj&quot; (default targets).

Build succeeded.

Time Elapsed 00:00:00.17
Generating conceptual content intermediate TOC file...
    Last step completed in 00:00:00.4341
</buildStep>
<buildStep step="CreateBuildAssemblerConfigs">
Creating Sandcastle configuration files...
    sandcastle.config
    Last step completed in 00:00:00.1500
</buildStep>
<buildStep step="MergeCustomConfigs">
Merging custom build component configurations
Z:\Work\TouchScript\TouchScript\Docs\Help\Working\sandcastle.config
    Last step completed in 00:00:00.0421
</buildStep>
<buildStep step="BuildReferenceTopics">
Building reference help topics...
[C:\Windows\Microsoft.NET\Framework64\v4.0.30319\MSBuild.exe]
Build started 11/5/2014 21:27:27.
Project &quot;Z:\Work\TouchScript\TouchScript\Docs\Help\Working\BuildReferenceTopics.proj&quot; on node 1 (default targets).
BuildReferenceTopics:
  BuildAssembler (v2014.5.31.0)
  Copyright c 2006-2014, Microsoft Corporation, All Rights Reserved.
  Portions Copyright c 2006-2014, Eric Woodruff, All Rights Reserved.
  Loading configuration...
  Processing topics...
BuildAssembler : warning : ShowMissingComponent: [N:TouchScript] Missing &lt;summary&gt; documentation [Z:\Work\TouchScript\TouchScript\Docs\Help\Working\BuildReferenceTopics.proj]
BuildAssembler : warning : ResolveReferenceLinksComponent: [P:TouchScript.ITouch.Position] Unknown reference link target &#39;T:UnityEngine.Vector2&#39;. [Z:\Work\TouchScript\TouchScript\Docs\Help\Working\BuildReferenceTopics.proj]
BuildAssembler : warning : ResolveReferenceLinksComponent: [P:TouchScript.ITouch.PreviousPosition] Unknown reference link target &#39;T:UnityEngine.Vector2&#39;. [Z:\Work\TouchScript\TouchScript\Docs\Help\Working\BuildReferenceTopics.proj]
BuildAssembler : warning : ResolveReferenceLinksComponent: [P:TouchScript.ITouch.Target] Unknown reference link target &#39;T:UnityEngine.Transform&#39;. [Z:\Work\TouchScript\TouchScript\Docs\Help\Working\BuildReferenceTopics.proj]
BuildAssembler : warning : ResolveReferenceLinksComponent: [M:TouchScript.ITouchManager.GetHitTarget(UnityEngine.Vector2)] Unknown reference link target &#39;T:UnityEngine.Vector2&#39;. [Z:\Work\TouchScript\TouchScript\Docs\Help\Working\BuildReferenceTopics.proj]
BuildAssembler : warning : ResolveReferenceLinksComponent: [M:TouchScript.ITouchManager.GetHitTarget(UnityEngine.Vector2)] Unknown reference link target &#39;T:UnityEngine.Transform&#39;. [Z:\Work\TouchScript\TouchScript\Docs\Help\Working\BuildReferenceTopics.proj]
BuildAssembler : warning : ResolveReferenceLinksComponent: [M:TouchScript.ITouchManager.GetHitTarget(UnityEngine.Vector2,TouchScript.Hit.ITouchHit@)] Unknown reference link target &#39;T:UnityEngine.Vector2&#39;. [Z:\Work\TouchScript\TouchScript\Docs\Help\Working\BuildReferenceTopics.proj]
BuildAssembler : warning : ResolveReferenceLinksComponent: [M:TouchScript.ITouchManager.GetHitTarget(UnityEngine.Vector2,TouchScript.Hit.ITouchHit@,TouchScript.Layers.TouchLayer@)] Unknown reference link target &#39;T:UnityEngine.Vector2&#39;. [Z:\Work\TouchScript\TouchScript\Docs\Help\Working\BuildReferenceTopics.proj]
BuildAssembler : warning : ResolveReferenceLinksComponent: [T:TouchScript.TouchManager] Unknown reference link target &#39;T:UnityEngine.Object&#39;. [Z:\Work\TouchScript\TouchScript\Docs\Help\Working\BuildReferenceTopics.proj]
BuildAssembler : warning : ResolveReferenceLinksComponent: [T:TouchScript.TouchManager] Unknown reference link target &#39;T:UnityEngine.Component&#39;. [Z:\Work\TouchScript\TouchScript\Docs\Help\Working\BuildReferenceTopics.proj]
BuildAssembler : warning : ResolveReferenceLinksComponent: [T:TouchScript.TouchManager] Unknown reference link target &#39;T:UnityEngine.Behaviour&#39;. [Z:\Work\TouchScript\TouchScript\Docs\Help\Working\BuildReferenceTopics.proj]
BuildAssembler : warning : ResolveReferenceLinksComponent: [T:TouchScript.TouchManager] Unknown reference link target &#39;T:UnityEngine.MonoBehaviour&#39;. [Z:\Work\TouchScript\TouchScript\Docs\Help\Working\BuildReferenceTopics.proj]
BuildAssembler : warning : ResolveReferenceLinksComponent: [F:TouchScript.TouchManager.INVALID_2D_POSITION] Unknown reference link target &#39;T:UnityEngine.Vector2&#39;. [Z:\Work\TouchScript\TouchScript\Docs\Help\Working\BuildReferenceTopics.proj]
BuildAssembler : warning : ResolveReferenceLinksComponent: [F:TouchScript.TouchManager.INVALID_3D_POSITION] Unknown reference link target &#39;T:UnityEngine.Vector3&#39;. [Z:\Work\TouchScript\TouchScript\Docs\Help\Working\BuildReferenceTopics.proj]
BuildAssembler : warning : ResolveReferenceLinksComponent: [M:TouchScript.TouchManager.IsInvalidPosition(UnityEngine.Vector2)] Unknown reference link target &#39;T:UnityEngine.Vector2&#39;. [Z:\Work\TouchScript\TouchScript\Docs\Help\Working\BuildReferenceTopics.proj]
BuildAssembler : warning : ResolveReferenceLinksComponent: [M:TouchScript.TouchManager.IsInvalidPosition(UnityEngine.Vector3)] Unknown reference link target &#39;T:UnityEngine.Vector3&#39;. [Z:\Work\TouchScript\TouchScript\Docs\Help\Working\BuildReferenceTopics.proj]
BuildAssembler : warning : ResolveReferenceLinksComponent: [P:TouchScript.TouchManager.SendMessageTarget] Unknown reference link target &#39;T:UnityEngine.GameObject&#39;. [Z:\Work\TouchScript\TouchScript\Docs\Help\Working\BuildReferenceTopics.proj]
BuildAssembler : warning : ShowMissingComponent: [N:TouchScript.Behaviors] Missing &lt;summary&gt; documentation [Z:\Work\TouchScript\TouchScript\Docs\Help\Working\BuildReferenceTopics.proj]
BuildAssembler : warning : ResolveReferenceLinksComponent: [T:TouchScript.Behaviors.FullscreenTarget] Unknown reference link target &#39;T:UnityEngine.Object&#39;. [Z:\Work\TouchScript\TouchScript\Docs\Help\Working\BuildReferenceTopics.proj]
BuildAssembler : warning : ResolveReferenceLinksComponent: [T:TouchScript.Behaviors.FullscreenTarget] Unknown reference link target &#39;T:UnityEngine.Component&#39;. [Z:\Work\TouchScript\TouchScript\Docs\Help\Working\BuildReferenceTopics.proj]
BuildAssembler : warning : ResolveReferenceLinksComponent: [T:TouchScript.Behaviors.FullscreenTarget] Unknown reference link target &#39;T:UnityEngine.Behaviour&#39;. [Z:\Work\TouchScript\TouchScript\Docs\Help\Working\BuildReferenceTopics.proj]
BuildAssembler : warning : ResolveReferenceLinksComponent: [T:TouchScript.Behaviors.FullscreenTarget] Unknown reference link target &#39;T:UnityEngine.MonoBehaviour&#39;. [Z:\Work\TouchScript\TouchScript\Docs\Help\Working\BuildReferenceTopics.proj]
BuildAssembler : warning : ResolveReferenceLinksComponent: [T:TouchScript.Behaviors.Transformer2D] Unknown reference link target &#39;T:UnityEngine.Object&#39;. [Z:\Work\TouchScript\TouchScript\Docs\Help\Working\BuildReferenceTopics.proj]
BuildAssembler : warning : ResolveReferenceLinksComponent: [T:TouchScript.Behaviors.Transformer2D] Unknown reference link target &#39;T:UnityEngine.Component&#39;. [Z:\Work\TouchScript\TouchScript\Docs\Help\Working\BuildReferenceTopics.proj]
BuildAssembler : warning : ResolveReferenceLinksComponent: [T:TouchScript.Behaviors.Transformer2D] Unknown reference link target &#39;T:UnityEngine.Behaviour&#39;. [Z:\Work\TouchScript\TouchScript\Docs\Help\Working\BuildReferenceTopics.proj]
BuildAssembler : warning : ResolveReferenceLinksComponent: [T:TouchScript.Behaviors.Transformer2D] Unknown reference link target &#39;T:UnityEngine.MonoBehaviour&#39;. [Z:\Work\TouchScript\TouchScript\Docs\Help\Working\BuildReferenceTopics.proj]
BuildAssembler : warning : ShowMissingComponent: [N:TouchScript.Clusters] Missing &lt;summary&gt; documentation [Z:\Work\TouchScript\TouchScript\Docs\Help\Working\BuildReferenceTopics.proj]
BuildAssembler : warning : ResolveReferenceLinksComponent: [M:TouchScript.Clusters.Clusters.GetCenterPosition(System.Int32)] Unknown reference link target &#39;T:UnityEngine.Vector2&#39;. [Z:\Work\TouchScript\TouchScript\Docs\Help\Working\BuildReferenceTopics.proj]
BuildAssembler : warning : ResolveReferenceLinksComponent: [M:TouchScript.Clusters.Clusters.GetPreviousCenterPosition(System.Int32)] Unknown reference link target &#39;T:UnityEngine.Vector2&#39;. [Z:\Work\TouchScript\TouchScript\Docs\Help\Working\BuildReferenceTopics.proj]
BuildAssembler : warning : ShowMissingComponent: [N:TouchScript.Debugging] Missing &lt;summary&gt; documentation [Z:\Work\TouchScript\TouchScript\Docs\Help\Working\BuildReferenceTopics.proj]
BuildAssembler : warning : ResolveReferenceLinksComponent: [T:TouchScript.Debugging.TouchDebugger] Unknown reference link target &#39;T:UnityEngine.Object&#39;. [Z:\Work\TouchScript\TouchScript\Docs\Help\Working\BuildReferenceTopics.proj]
BuildAssembler : warning : ResolveReferenceLinksComponent: [T:TouchScript.Debugging.TouchDebugger] Unknown reference link target &#39;T:UnityEngine.Component&#39;. [Z:\Work\TouchScript\TouchScript\Docs\Help\Working\BuildReferenceTopics.proj]
BuildAssembler : warning : ResolveReferenceLinksComponent: [T:TouchScript.Debugging.TouchDebugger] Unknown reference link target &#39;T:UnityEngine.Behaviour&#39;. [Z:\Work\TouchScript\TouchScript\Docs\Help\Working\BuildReferenceTopics.proj]
BuildAssembler : warning : ResolveReferenceLinksComponent: [T:TouchScript.Debugging.TouchDebugger] Unknown reference link target &#39;T:UnityEngine.MonoBehaviour&#39;. [Z:\Work\TouchScript\TouchScript\Docs\Help\Working\BuildReferenceTopics.proj]
BuildAssembler : warning : ResolveReferenceLinksComponent: [P:TouchScript.Debugging.TouchDebugger.FontColor] Unknown reference link target &#39;T:UnityEngine.Color&#39;. [Z:\Work\TouchScript\TouchScript\Docs\Help\Working\BuildReferenceTopics.proj]
BuildAssembler : warning : ResolveReferenceLinksComponent: [P:TouchScript.Debugging.TouchDebugger.TouchTexture] Unknown reference link target &#39;T:UnityEngine.Texture2D&#39;. [Z:\Work\TouchScript\TouchScript\Docs\Help\Working\BuildReferenceTopics.proj]
BuildAssembler : warning : ShowMissingComponent: [N:TouchScript.Devices.Display] Missing &lt;summary&gt; documentation [Z:\Work\TouchScript\TouchScript\Docs\Help\Working\BuildReferenceTopics.proj]
BuildAssembler : warning : ResolveReferenceLinksComponent: [N:TouchScript.Devices.Display] Unknown reference link target &#39;T:UnityEngine.ScriptableObject&#39;. [Z:\Work\TouchScript\TouchScript\Docs\Help\Working\BuildReferenceTopics.proj]
BuildAssembler : warning : ResolveReferenceLinksComponent: [T:TouchScript.Devices.Display.DisplayDevice] Unknown reference link target &#39;T:UnityEngine.ScriptableObject&#39;. [Z:\Work\TouchScript\TouchScript\Docs\Help\Working\BuildReferenceTopics.proj]
BuildAssembler : warning : ResolveReferenceLinksComponent: [T:TouchScript.Devices.Display.DisplayDevice] Unknown reference link target &#39;T:UnityEngine.Object&#39;. [Z:\Work\TouchScript\TouchScript\Docs\Help\Working\BuildReferenceTopics.proj]
BuildAssembler : warning : ResolveReferenceLinksComponent: [T:TouchScript.Devices.Display.DisplayDevice] Unknown reference link target &#39;T:UnityEngine.ScriptableObject&#39;. [Z:\Work\TouchScript\TouchScript\Docs\Help\Working\BuildReferenceTopics.proj]
BuildAssembler : warning : ResolveReferenceLinksComponent: [T:TouchScript.Devices.Display.GenericDisplayDevice] Unknown reference link target &#39;T:UnityEngine.Object&#39;. [Z:\Work\TouchScript\TouchScript\Docs\Help\Working\BuildReferenceTopics.proj]
BuildAssembler : warning : ResolveReferenceLinksComponent: [T:TouchScript.Devices.Display.GenericDisplayDevice] Unknown reference link target &#39;T:UnityEngine.ScriptableObject&#39;. [Z:\Work\TouchScript\TouchScript\Docs\Help\Working\BuildReferenceTopics.proj]
BuildAssembler : warning : ShowMissingComponent: [N:TouchScript.Gestures] Missing &lt;summary&gt; documentation [Z:\Work\TouchScript\TouchScript\Docs\Help\Working\BuildReferenceTopics.proj]
BuildAssembler : warning : ResolveReferenceLinksComponent: [T:TouchScript.Gestures.FlickGesture] Unknown reference link target &#39;T:UnityEngine.Object&#39;. [Z:\Work\TouchScript\TouchScript\Docs\Help\Working\BuildReferenceTopics.proj]
BuildAssembler : warning : ResolveReferenceLinksComponent: [T:TouchScript.Gestures.FlickGesture] Unknown reference link target &#39;T:UnityEngine.Component&#39;. [Z:\Work\TouchScript\TouchScript\Docs\Help\Working\BuildReferenceTopics.proj]
BuildAssembler : warning : ResolveReferenceLinksComponent: [T:TouchScript.Gestures.FlickGesture] Unknown reference link target &#39;T:UnityEngine.Behaviour&#39;. [Z:\Work\TouchScript\TouchScript\Docs\Help\Working\BuildReferenceTopics.proj]
BuildAssembler : warning : ResolveReferenceLinksComponent: [T:TouchScript.Gestures.FlickGesture] Unknown reference link target &#39;T:UnityEngine.MonoBehaviour&#39;. [Z:\Work\TouchScript\TouchScript\Docs\Help\Working\BuildReferenceTopics.proj]
BuildAssembler : warning : ShowMissingComponent: [M:TouchScript.Gestures.FlickGesture.LateUpdate] Missing &lt;summary&gt; documentation [Z:\Work\TouchScript\TouchScript\Docs\Help\Working\BuildReferenceTopics.proj]
BuildAssembler : warning : ResolveReferenceLinksComponent: [P:TouchScript.Gestures.FlickGesture.ScreenFlickVector] Unknown reference link target &#39;T:UnityEngine.Vector2&#39;. [Z:\Work\TouchScript\TouchScript\Docs\Help\Working\BuildReferenceTopics.proj]
BuildAssembler : warning : ResolveReferenceLinksComponent: [T:TouchScript.Gestures.Gesture] Unknown reference link target &#39;T:UnityEngine.Object&#39;. [Z:\Work\TouchScript\TouchScript\Docs\Help\Working\BuildReferenceTopics.proj]
BuildAssembler : warning : ResolveReferenceLinksComponent: [T:TouchScript.Gestures.Gesture] Unknown reference link target &#39;T:UnityEngine.Component&#39;. [Z:\Work\TouchScript\TouchScript\Docs\Help\Working\BuildReferenceTopics.proj]
BuildAssembler : warning : ResolveReferenceLinksComponent: [T:TouchScript.Gestures.Gesture] Unknown reference link target &#39;T:UnityEngine.Behaviour&#39;. [Z:\Work\TouchScript\TouchScript\Docs\Help\Working\BuildReferenceTopics.proj]
BuildAssembler : warning : ResolveReferenceLinksComponent: [T:TouchScript.Gestures.Gesture] Unknown reference link target &#39;T:UnityEngine.MonoBehaviour&#39;. [Z:\Work\TouchScript\TouchScript\Docs\Help\Working\BuildReferenceTopics.proj]
BuildAssembler : warning : ResolveReferenceLinksComponent: [T:TouchScript.Gestures.Gesture] Unknown reference link target &#39;T:UnityEngine.Object&#39;. [Z:\Work\TouchScript\TouchScript\Docs\Help\Working\BuildReferenceTopics.proj]
BuildAssembler : warning : ResolveReferenceLinksComponent: [T:TouchScript.Gestures.Gesture] Unknown reference link target &#39;T:UnityEngine.Component&#39;. [Z:\Work\TouchScript\TouchScript\Docs\Help\Working\BuildReferenceTopics.proj]
BuildAssembler : warning : ResolveReferenceLinksComponent: [T:TouchScript.Gestures.Gesture] Unknown reference link target &#39;T:UnityEngine.Behaviour&#39;. [Z:\Work\TouchScript\TouchScript\Docs\Help\Working\BuildReferenceTopics.proj]
BuildAssembler : warning : ResolveReferenceLinksComponent: [T:TouchScript.Gestures.Gesture] Unknown reference link target &#39;T:UnityEngine.MonoBehaviour&#39;. [Z:\Work\TouchScript\TouchScript\Docs\Help\Working\BuildReferenceTopics.proj]
BuildAssembler : warning : ShowMissingComponent: [M:TouchScript.Gestures.Gesture.Awake] Missing &lt;summary&gt; documentation [Z:\Work\TouchScript\TouchScript\Docs\Help\Working\BuildReferenceTopics.proj]
BuildAssembler : warning : ResolveReferenceLinksComponent: [F:TouchScript.Gestures.Gesture.cachedTransform] Unknown reference link target &#39;T:UnityEngine.Transform&#39;. [Z:\Work\TouchScript\TouchScript\Docs\Help\Working\BuildReferenceTopics.proj]
BuildAssembler : warning : ResolveReferenceLinksComponent: [M:TouchScript.Gestures.Gesture.GetTargetHitResult(UnityEngine.Vector2)] Unknown reference link target &#39;T:UnityEngine.Vector2&#39;. [Z:\Work\TouchScript\TouchScript\Docs\Help\Working\BuildReferenceTopics.proj]
BuildAssembler : warning : ResolveReferenceLinksComponent: [M:TouchScript.Gestures.Gesture.GetTargetHitResult(UnityEngine.Vector2,TouchScript.Hit.ITouchHit@)] Unknown reference link target &#39;T:UnityEngine.Vector2&#39;. [Z:\Work\TouchScript\TouchScript\Docs\Help\Working\BuildReferenceTopics.proj]
BuildAssembler : warning : ResolveReferenceLinksComponent: [P:TouchScript.Gestures.Gesture.NormalizedScreenPosition] Unknown reference link target &#39;T:UnityEngine.Vector2&#39;. [Z:\Work\TouchScript\TouchScript\Docs\Help\Working\BuildReferenceTopics.proj]
BuildAssembler : warning : ResolveReferenceLinksComponent: [P:TouchScript.Gestures.Gesture.PreviousNormalizedScreenPosition] Unknown reference link target &#39;T:UnityEngine.Vector2&#39;. [Z:\Work\TouchScript\TouchScript\Docs\Help\Working\BuildReferenceTopics.proj]
BuildAssembler : warning : ResolveReferenceLinksComponent: [P:TouchScript.Gestures.Gesture.PreviousScreenPosition] Unknown reference link target &#39;T:UnityEngine.Vector2&#39;. [Z:\Work\TouchScript\TouchScript\Docs\Help\Working\BuildReferenceTopics.proj]
BuildAssembler : warning : ResolveReferenceLinksComponent: [P:TouchScript.Gestures.Gesture.ScreenPosition] Unknown reference link target &#39;T:UnityEngine.Vector2&#39;. [Z:\Work\TouchScript\TouchScript\Docs\Help\Working\BuildReferenceTopics.proj]
BuildAssembler : warning : ResolveReferenceLinksComponent: [P:TouchScript.Gestures.Gesture.SendMessageTarget] Unknown reference link target &#39;T:UnityEngine.GameObject&#39;. [Z:\Work\TouchScript\TouchScript\Docs\Help\Working\BuildReferenceTopics.proj]
BuildAssembler : warning : ResolveReferenceLinksComponent: [T:TouchScript.Gestures.LongPressGesture] Unknown reference link target &#39;T:UnityEngine.Object&#39;. [Z:\Work\TouchScript\TouchScript\Docs\Help\Working\BuildReferenceTopics.proj]
BuildAssembler : warning : ResolveReferenceLinksComponent: [T:TouchScript.Gestures.LongPressGesture] Unknown reference link target &#39;T:UnityEngine.Component&#39;. [Z:\Work\TouchScript\TouchScript\Docs\Help\Working\BuildReferenceTopics.proj]
BuildAssembler : warning : ResolveReferenceLinksComponent: [T:TouchScript.Gestures.LongPressGesture] Unknown reference link target &#39;T:UnityEngine.Behaviour&#39;. [Z:\Work\TouchScript\TouchScript\Docs\Help\Working\BuildReferenceTopics.proj]
BuildAssembler : warning : ResolveReferenceLinksComponent: [T:TouchScript.Gestures.LongPressGesture] Unknown reference link target &#39;T:UnityEngine.MonoBehaviour&#39;. [Z:\Work\TouchScript\TouchScript\Docs\Help\Working\BuildReferenceTopics.proj]
BuildAssembler : warning : ResolveReferenceLinksComponent: [T:TouchScript.Gestures.MetaGesture] Unknown reference link target &#39;T:UnityEngine.Object&#39;. [Z:\Work\TouchScript\TouchScript\Docs\Help\Working\BuildReferenceTopics.proj]
BuildAssembler : warning : ResolveReferenceLinksComponent: [T:TouchScript.Gestures.MetaGesture] Unknown reference link target &#39;T:UnityEngine.Component&#39;. [Z:\Work\TouchScript\TouchScript\Docs\Help\Working\BuildReferenceTopics.proj]
BuildAssembler : warning : ResolveReferenceLinksComponent: [T:TouchScript.Gestures.MetaGesture] Unknown reference link target &#39;T:UnityEngine.Behaviour&#39;. [Z:\Work\TouchScript\TouchScript\Docs\Help\Working\BuildReferenceTopics.proj]
BuildAssembler : warning : ResolveReferenceLinksComponent: [T:TouchScript.Gestures.MetaGesture] Unknown reference link target &#39;T:UnityEngine.MonoBehaviour&#39;. [Z:\Work\TouchScript\TouchScript\Docs\Help\Working\BuildReferenceTopics.proj]
BuildAssembler : warning : ResolveReferenceLinksComponent: [T:TouchScript.Gestures.PanGesture] Unknown reference link target &#39;T:UnityEngine.Object&#39;. [Z:\Work\TouchScript\TouchScript\Docs\Help\Working\BuildReferenceTopics.proj]
BuildAssembler : warning : ResolveReferenceLinksComponent: [T:TouchScript.Gestures.PanGesture] Unknown reference link target &#39;T:UnityEngine.Component&#39;. [Z:\Work\TouchScript\TouchScript\Docs\Help\Working\BuildReferenceTopics.proj]
BuildAssembler : warning : ResolveReferenceLinksComponent: [T:TouchScript.Gestures.PanGesture] Unknown reference link target &#39;T:UnityEngine.Behaviour&#39;. [Z:\Work\TouchScript\TouchScript\Docs\Help\Working\BuildReferenceTopics.proj]
BuildAssembler : warning : ResolveReferenceLinksComponent: [T:TouchScript.Gestures.PanGesture] Unknown reference link target &#39;T:UnityEngine.MonoBehaviour&#39;. [Z:\Work\TouchScript\TouchScript\Docs\Help\Working\BuildReferenceTopics.proj]
BuildAssembler : warning : ResolveReferenceLinksComponent: [P:TouchScript.Gestures.PanGesture.PreviousScreenPosition] Unknown reference link target &#39;T:UnityEngine.Vector2&#39;. [Z:\Work\TouchScript\TouchScript\Docs\Help\Working\BuildReferenceTopics.proj]
BuildAssembler : warning : ResolveReferenceLinksComponent: [P:TouchScript.Gestures.PanGesture.ScreenPosition] Unknown reference link target &#39;T:UnityEngine.Vector2&#39;. [Z:\Work\TouchScript\TouchScript\Docs\Help\Working\BuildReferenceTopics.proj]
BuildAssembler : warning : ResolveReferenceLinksComponent: [T:TouchScript.Gestures.PressGesture] Unknown reference link target &#39;T:UnityEngine.Object&#39;. [Z:\Work\TouchScript\TouchScript\Docs\Help\Working\BuildReferenceTopics.proj]
BuildAssembler : warning : ResolveReferenceLinksComponent: [T:TouchScript.Gestures.PressGesture] Unknown reference link target &#39;T:UnityEngine.Component&#39;. [Z:\Work\TouchScript\TouchScript\Docs\Help\Working\BuildReferenceTopics.proj]
BuildAssembler : warning : ResolveReferenceLinksComponent: [T:TouchScript.Gestures.PressGesture] Unknown reference link target &#39;T:UnityEngine.Behaviour&#39;. [Z:\Work\TouchScript\TouchScript\Docs\Help\Working\BuildReferenceTopics.proj]
BuildAssembler : warning : ResolveReferenceLinksComponent: [T:TouchScript.Gestures.PressGesture] Unknown reference link target &#39;T:UnityEngine.MonoBehaviour&#39;. [Z:\Work\TouchScript\TouchScript\Docs\Help\Working\BuildReferenceTopics.proj]
BuildAssembler : warning : ResolveReferenceLinksComponent: [T:TouchScript.Gestures.ReleaseGesture] Unknown reference link target &#39;T:UnityEngine.Object&#39;. [Z:\Work\TouchScript\TouchScript\Docs\Help\Working\BuildReferenceTopics.proj]
BuildAssembler : warning : ResolveReferenceLinksComponent: [T:TouchScript.Gestures.ReleaseGesture] Unknown reference link target &#39;T:UnityEngine.Component&#39;. [Z:\Work\TouchScript\TouchScript\Docs\Help\Working\BuildReferenceTopics.proj]
BuildAssembler : warning : ResolveReferenceLinksComponent: [T:TouchScript.Gestures.ReleaseGesture] Unknown reference link target &#39;T:UnityEngine.Behaviour&#39;. [Z:\Work\TouchScript\TouchScript\Docs\Help\Working\BuildReferenceTopics.proj]
BuildAssembler : warning : ResolveReferenceLinksComponent: [T:TouchScript.Gestures.ReleaseGesture] Unknown reference link target &#39;T:UnityEngine.MonoBehaviour&#39;. [Z:\Work\TouchScript\TouchScript\Docs\Help\Working\BuildReferenceTopics.proj]
BuildAssembler : warning : ResolveReferenceLinksComponent: [T:TouchScript.Gestures.RotateGesture] Unknown reference link target &#39;T:UnityEngine.Object&#39;. [Z:\Work\TouchScript\TouchScript\Docs\Help\Working\BuildReferenceTopics.proj]
BuildAssembler : warning : ResolveReferenceLinksComponent: [T:TouchScript.Gestures.RotateGesture] Unknown reference link target &#39;T:UnityEngine.Component&#39;. [Z:\Work\TouchScript\TouchScript\Docs\Help\Working\BuildReferenceTopics.proj]
BuildAssembler : warning : ResolveReferenceLinksComponent: [T:TouchScript.Gestures.RotateGesture] Unknown reference link target &#39;T:UnityEngine.Behaviour&#39;. [Z:\Work\TouchScript\TouchScript\Docs\Help\Working\BuildReferenceTopics.proj]
BuildAssembler : warning : ResolveReferenceLinksComponent: [T:TouchScript.Gestures.RotateGesture] Unknown reference link target &#39;T:UnityEngine.MonoBehaviour&#39;. [Z:\Work\TouchScript\TouchScript\Docs\Help\Working\BuildReferenceTopics.proj]
BuildAssembler : warning : ShowMissingComponent: [M:TouchScript.Gestures.RotateGesture.getPointPreviousScreenPosition(System.Int32)] Missing &lt;returns&gt; documentation [Z:\Work\TouchScript\TouchScript\Docs\Help\Working\BuildReferenceTopics.proj]
BuildAssembler : warning : ResolveReferenceLinksComponent: [M:TouchScript.Gestures.RotateGesture.getPointPreviousScreenPosition(System.Int32)] Unknown reference link target &#39;T:UnityEngine.Vector2&#39;. [Z:\Work\TouchScript\TouchScript\Docs\Help\Working\BuildReferenceTopics.proj]
BuildAssembler : warning : ShowMissingComponent: [M:TouchScript.Gestures.RotateGesture.getPointScreenPosition(System.Int32)] Missing &lt;returns&gt; documentation [Z:\Work\TouchScript\TouchScript\Docs\Help\Working\BuildReferenceTopics.proj]
BuildAssembler : warning : ResolveReferenceLinksComponent: [M:TouchScript.Gestures.RotateGesture.getPointScreenPosition(System.Int32)] Unknown reference link target &#39;T:UnityEngine.Vector2&#39;. [Z:\Work\TouchScript\TouchScript\Docs\Help\Working\BuildReferenceTopics.proj]
BuildAssembler : warning : ResolveReferenceLinksComponent: [T:TouchScript.Gestures.ScaleGesture] Unknown reference link target &#39;T:UnityEngine.Object&#39;. [Z:\Work\TouchScript\TouchScript\Docs\Help\Working\BuildReferenceTopics.proj]
BuildAssembler : warning : ResolveReferenceLinksComponent: [T:TouchScript.Gestures.ScaleGesture] Unknown reference link target &#39;T:UnityEngine.Component&#39;. [Z:\Work\TouchScript\TouchScript\Docs\Help\Working\BuildReferenceTopics.proj]
BuildAssembler : warning : ResolveReferenceLinksComponent: [T:TouchScript.Gestures.ScaleGesture] Unknown reference link target &#39;T:UnityEngine.Behaviour&#39;. [Z:\Work\TouchScript\TouchScript\Docs\Help\Working\BuildReferenceTopics.proj]
BuildAssembler : warning : ResolveReferenceLinksComponent: [T:TouchScript.Gestures.ScaleGesture] Unknown reference link target &#39;T:UnityEngine.MonoBehaviour&#39;. [Z:\Work\TouchScript\TouchScript\Docs\Help\Working\BuildReferenceTopics.proj]
BuildAssembler : warning : ShowMissingComponent: [M:TouchScript.Gestures.ScaleGesture.getPointPreviousScreenPosition(System.Int32)] Missing &lt;returns&gt; documentation [Z:\Work\TouchScript\TouchScript\Docs\Help\Working\BuildReferenceTopics.proj]
BuildAssembler : warning : ResolveReferenceLinksComponent: [M:TouchScript.Gestures.ScaleGesture.getPointPreviousScreenPosition(System.Int32)] Unknown reference link target &#39;T:UnityEngine.Vector2&#39;. [Z:\Work\TouchScript\TouchScript\Docs\Help\Working\BuildReferenceTopics.proj]
BuildAssembler : warning : ShowMissingComponent: [M:TouchScript.Gestures.ScaleGesture.getPointScreenPosition(System.Int32)] Missing &lt;returns&gt; documentation [Z:\Work\TouchScript\TouchScript\Docs\Help\Working\BuildReferenceTopics.proj]
BuildAssembler : warning : ResolveReferenceLinksComponent: [M:TouchScript.Gestures.ScaleGesture.getPointScreenPosition(System.Int32)] Unknown reference link target &#39;T:UnityEngine.Vector2&#39;. [Z:\Work\TouchScript\TouchScript\Docs\Help\Working\BuildReferenceTopics.proj]
BuildAssembler : warning : ResolveReferenceLinksComponent: [T:TouchScript.Gestures.TapGesture] Unknown reference link target &#39;T:UnityEngine.Object&#39;. [Z:\Work\TouchScript\TouchScript\Docs\Help\Working\BuildReferenceTopics.proj]
BuildAssembler : warning : ResolveReferenceLinksComponent: [T:TouchScript.Gestures.TapGesture] Unknown reference link target &#39;T:UnityEngine.Component&#39;. [Z:\Work\TouchScript\TouchScript\Docs\Help\Working\BuildReferenceTopics.proj]
BuildAssembler : warning : ResolveReferenceLinksComponent: [T:TouchScript.Gestures.TapGesture] Unknown reference link target &#39;T:UnityEngine.Behaviour&#39;. [Z:\Work\TouchScript\TouchScript\Docs\Help\Working\BuildReferenceTopics.proj]
BuildAssembler : warning : ResolveReferenceLinksComponent: [T:TouchScript.Gestures.TapGesture] Unknown reference link target &#39;T:UnityEngine.MonoBehaviour&#39;. [Z:\Work\TouchScript\TouchScript\Docs\Help\Working\BuildReferenceTopics.proj]
BuildAssembler : warning : ShowMissingComponent: [N:TouchScript.Gestures.Simple] Missing &lt;summary&gt; documentation [Z:\Work\TouchScript\TouchScript\Docs\Help\Working\BuildReferenceTopics.proj]
BuildAssembler : warning : ResolveReferenceLinksComponent: [T:TouchScript.Gestures.Simple.SimplePanGesture] Unknown reference link target &#39;T:UnityEngine.Object&#39;. [Z:\Work\TouchScript\TouchScript\Docs\Help\Working\BuildReferenceTopics.proj]
BuildAssembler : warning : ResolveReferenceLinksComponent: [T:TouchScript.Gestures.Simple.SimplePanGesture] Unknown reference link target &#39;T:UnityEngine.Component&#39;. [Z:\Work\TouchScript\TouchScript\Docs\Help\Working\BuildReferenceTopics.proj]
BuildAssembler : warning : ResolveReferenceLinksComponent: [T:TouchScript.Gestures.Simple.SimplePanGesture] Unknown reference link target &#39;T:UnityEngine.Behaviour&#39;. [Z:\Work\TouchScript\TouchScript\Docs\Help\Working\BuildReferenceTopics.proj]
BuildAssembler : warning : ResolveReferenceLinksComponent: [T:TouchScript.Gestures.Simple.SimplePanGesture] Unknown reference link target &#39;T:UnityEngine.MonoBehaviour&#39;. [Z:\Work\TouchScript\TouchScript\Docs\Help\Working\BuildReferenceTopics.proj]
BuildAssembler : warning : ResolveReferenceLinksComponent: [P:TouchScript.Gestures.Simple.SimplePanGesture.LocalDeltaPosition] Unknown reference link target &#39;T:UnityEngine.Vector3&#39;. [Z:\Work\TouchScript\TouchScript\Docs\Help\Working\BuildReferenceTopics.proj]
BuildAssembler : warning : ResolveReferenceLinksComponent: [P:TouchScript.Gestures.Simple.SimplePanGesture.PreviousScreenPosition] Unknown reference link target &#39;T:UnityEngine.Vector2&#39;. [Z:\Work\TouchScript\TouchScript\Docs\Help\Working\BuildReferenceTopics.proj]
BuildAssembler : warning : ResolveReferenceLinksComponent: [P:TouchScript.Gestures.Simple.SimplePanGesture.ScreenPosition] Unknown reference link target &#39;T:UnityEngine.Vector2&#39;. [Z:\Work\TouchScript\TouchScript\Docs\Help\Working\BuildReferenceTopics.proj]
BuildAssembler : warning : ResolveReferenceLinksComponent: [P:TouchScript.Gestures.Simple.SimplePanGesture.WorldDeltaPosition] Unknown reference link target &#39;T:UnityEngine.Vector3&#39;. [Z:\Work\TouchScript\TouchScript\Docs\Help\Working\BuildReferenceTopics.proj]
BuildAssembler : warning : ResolveReferenceLinksComponent: [T:TouchScript.Gestures.Simple.SimpleRotateGesture] Unknown reference link target &#39;T:UnityEngine.Object&#39;. [Z:\Work\TouchScript\TouchScript\Docs\Help\Working\BuildReferenceTopics.proj]
BuildAssembler : warning : ResolveReferenceLinksComponent: [T:TouchScript.Gestures.Simple.SimpleRotateGesture] Unknown reference link target &#39;T:UnityEngine.Component&#39;. [Z:\Work\TouchScript\TouchScript\Docs\Help\Working\BuildReferenceTopics.proj]
BuildAssembler : warning : ResolveReferenceLinksComponent: [T:TouchScript.Gestures.Simple.SimpleRotateGesture] Unknown reference link target &#39;T:UnityEngine.Behaviour&#39;. [Z:\Work\TouchScript\TouchScript\Docs\Help\Working\BuildReferenceTopics.proj]
BuildAssembler : warning : ResolveReferenceLinksComponent: [T:TouchScript.Gestures.Simple.SimpleRotateGesture] Unknown reference link target &#39;T:UnityEngine.MonoBehaviour&#39;. [Z:\Work\TouchScript\TouchScript\Docs\Help\Working\BuildReferenceTopics.proj]
BuildAssembler : warning : ResolveReferenceLinksComponent: [P:TouchScript.Gestures.Simple.SimpleRotateGesture.RotationAxis] Unknown reference link target &#39;T:UnityEngine.Vector3&#39;. [Z:\Work\TouchScript\TouchScript\Docs\Help\Working\BuildReferenceTopics.proj]
BuildAssembler : warning : ResolveReferenceLinksComponent: [T:TouchScript.Gestures.Simple.SimpleScaleGesture] Unknown reference link target &#39;T:UnityEngine.Object&#39;. [Z:\Work\TouchScript\TouchScript\Docs\Help\Working\BuildReferenceTopics.proj]
BuildAssembler : warning : ResolveReferenceLinksComponent: [T:TouchScript.Gestures.Simple.SimpleScaleGesture] Unknown reference link target &#39;T:UnityEngine.Component&#39;. [Z:\Work\TouchScript\TouchScript\Docs\Help\Working\BuildReferenceTopics.proj]
BuildAssembler : warning : ResolveReferenceLinksComponent: [T:TouchScript.Gestures.Simple.SimpleScaleGesture] Unknown reference link target &#39;T:UnityEngine.Behaviour&#39;. [Z:\Work\TouchScript\TouchScript\Docs\Help\Working\BuildReferenceTopics.proj]
BuildAssembler : warning : ResolveReferenceLinksComponent: [T:TouchScript.Gestures.Simple.SimpleScaleGesture] Unknown reference link target &#39;T:UnityEngine.MonoBehaviour&#39;. [Z:\Work\TouchScript\TouchScript\Docs\Help\Working\BuildReferenceTopics.proj]
BuildAssembler : warning : ResolveReferenceLinksComponent: [T:TouchScript.Gestures.Simple.Transform2DGestureBase] Unknown reference link target &#39;T:UnityEngine.Object&#39;. [Z:\Work\TouchScript\TouchScript\Docs\Help\Working\BuildReferenceTopics.proj]
BuildAssembler : warning : ResolveReferenceLinksComponent: [T:TouchScript.Gestures.Simple.Transform2DGestureBase] Unknown reference link target &#39;T:UnityEngine.Component&#39;. [Z:\Work\TouchScript\TouchScript\Docs\Help\Working\BuildReferenceTopics.proj]
BuildAssembler : warning : ResolveReferenceLinksComponent: [T:TouchScript.Gestures.Simple.Transform2DGestureBase] Unknown reference link target &#39;T:UnityEngine.Behaviour&#39;. [Z:\Work\TouchScript\TouchScript\Docs\Help\Working\BuildReferenceTopics.proj]
BuildAssembler : warning : ResolveReferenceLinksComponent: [T:TouchScript.Gestures.Simple.Transform2DGestureBase] Unknown reference link target &#39;T:UnityEngine.MonoBehaviour&#39;. [Z:\Work\TouchScript\TouchScript\Docs\Help\Working\BuildReferenceTopics.proj]
BuildAssembler : warning : ShowMissingComponent: [M:TouchScript.Gestures.Simple.Transform2DGestureBase.getCenter] Missing &lt;summary&gt; documentation [Z:\Work\TouchScript\TouchScript\Docs\Help\Working\BuildReferenceTopics.proj]
BuildAssembler : warning : ShowMissingComponent: [M:TouchScript.Gestures.Simple.Transform2DGestureBase.getCenter] Missing &lt;returns&gt; documentation [Z:\Work\TouchScript\TouchScript\Docs\Help\Working\BuildReferenceTopics.proj]
BuildAssembler : warning : ResolveReferenceLinksComponent: [M:TouchScript.Gestures.Simple.Transform2DGestureBase.getCenter] Unknown reference link target &#39;T:UnityEngine.Vector3&#39;. [Z:\Work\TouchScript\TouchScript\Docs\Help\Working\BuildReferenceTopics.proj]
BuildAssembler : warning : ResolveReferenceLinksComponent: [P:TouchScript.Gestures.Simple.Transform2DGestureBase.PreviousWorldTransformCenter] Unknown reference link target &#39;T:UnityEngine.Vector3&#39;. [Z:\Work\TouchScript\TouchScript\Docs\Help\Working\BuildReferenceTopics.proj]
BuildAssembler : warning : ShowMissingComponent: [M:TouchScript.Gestures.Simple.Transform2DGestureBase.projectTo(UnityEngine.Vector2)] Missing &lt;summary&gt; documentation [Z:\Work\TouchScript\TouchScript\Docs\Help\Working\BuildReferenceTopics.proj]
BuildAssembler : warning : ShowMissingComponent: [M:TouchScript.Gestures.Simple.Transform2DGestureBase.projectTo(UnityEngine.Vector2)] Missing &lt;returns&gt; documentation [Z:\Work\TouchScript\TouchScript\Docs\Help\Working\BuildReferenceTopics.proj]
BuildAssembler : warning : ShowMissingComponent: [M:TouchScript.Gestures.Simple.Transform2DGestureBase.projectTo(UnityEngine.Vector2)] Missing &lt;param name=&quot;screenPosition&quot;/&gt; documentation [Z:\Work\TouchScript\TouchScript\Docs\Help\Working\BuildReferenceTopics.proj]
BuildAssembler : warning : ResolveReferenceLinksComponent: [M:TouchScript.Gestures.Simple.Transform2DGestureBase.projectTo(UnityEngine.Vector2)] Unknown reference link target &#39;T:UnityEngine.Vector2&#39;. [Z:\Work\TouchScript\TouchScript\Docs\Help\Working\BuildReferenceTopics.proj]
BuildAssembler : warning : ResolveReferenceLinksComponent: [M:TouchScript.Gestures.Simple.Transform2DGestureBase.projectTo(UnityEngine.Vector2)] Unknown reference link target &#39;T:UnityEngine.Vector3&#39;. [Z:\Work\TouchScript\TouchScript\Docs\Help\Working\BuildReferenceTopics.proj]
BuildAssembler : warning : ResolveReferenceLinksComponent: [P:TouchScript.Gestures.Simple.Transform2DGestureBase.WorldProjectionNormal] Unknown reference link target &#39;T:UnityEngine.Vector3&#39;. [Z:\Work\TouchScript\TouchScript\Docs\Help\Working\BuildReferenceTopics.proj]
BuildAssembler : warning : ResolveReferenceLinksComponent: [P:TouchScript.Gestures.Simple.Transform2DGestureBase.WorldTransformCenter] Unknown reference link target &#39;T:UnityEngine.Vector3&#39;. [Z:\Work\TouchScript\TouchScript\Docs\Help\Working\BuildReferenceTopics.proj]
BuildAssembler : warning : ResolveReferenceLinksComponent: [T:TouchScript.Gestures.Simple.TwoPointTransform2DGestureBase] Unknown reference link target &#39;T:UnityEngine.Object&#39;. [Z:\Work\TouchScript\TouchScript\Docs\Help\Working\BuildReferenceTopics.proj]
BuildAssembler : warning : ResolveReferenceLinksComponent: [T:TouchScript.Gestures.Simple.TwoPointTransform2DGestureBase] Unknown reference link target &#39;T:UnityEngine.Component&#39;. [Z:\Work\TouchScript\TouchScript\Docs\Help\Working\BuildReferenceTopics.proj]
BuildAssembler : warning : ResolveReferenceLinksComponent: [T:TouchScript.Gestures.Simple.TwoPointTransform2DGestureBase] Unknown reference link target &#39;T:UnityEngine.Behaviour&#39;. [Z:\Work\TouchScript\TouchScript\Docs\Help\Working\BuildReferenceTopics.proj]
BuildAssembler : warning : ResolveReferenceLinksComponent: [T:TouchScript.Gestures.Simple.TwoPointTransform2DGestureBase] Unknown reference link target &#39;T:UnityEngine.MonoBehaviour&#39;. [Z:\Work\TouchScript\TouchScript\Docs\Help\Working\BuildReferenceTopics.proj]
BuildAssembler : warning : ShowMissingComponent: [M:TouchScript.Gestures.Simple.TwoPointTransform2DGestureBase.getPointPreviousScreenPosition(System.Int32)] Missing &lt;returns&gt; documentation [Z:\Work\TouchScript\TouchScript\Docs\Help\Working\BuildReferenceTopics.proj]
BuildAssembler : warning : ResolveReferenceLinksComponent: [M:TouchScript.Gestures.Simple.TwoPointTransform2DGestureBase.getPointPreviousScreenPosition(System.Int32)] Unknown reference link target &#39;T:UnityEngine.Vector2&#39;. [Z:\Work\TouchScript\TouchScript\Docs\Help\Working\BuildReferenceTopics.proj]
BuildAssembler : warning : ShowMissingComponent: [M:TouchScript.Gestures.Simple.TwoPointTransform2DGestureBase.getPointScreenPosition(System.Int32)] Missing &lt;returns&gt; documentation [Z:\Work\TouchScript\TouchScript\Docs\Help\Working\BuildReferenceTopics.proj]
BuildAssembler : warning : ResolveReferenceLinksComponent: [M:TouchScript.Gestures.Simple.TwoPointTransform2DGestureBase.getPointScreenPosition(System.Int32)] Unknown reference link target &#39;T:UnityEngine.Vector2&#39;. [Z:\Work\TouchScript\TouchScript\Docs\Help\Working\BuildReferenceTopics.proj]
BuildAssembler : warning : ResolveReferenceLinksComponent: [F:TouchScript.Gestures.Simple.TwoPointTransform2DGestureBase.previousScreenPosition] Unknown reference link target &#39;T:UnityEngine.Vector2&#39;. [Z:\Work\TouchScript\TouchScript\Docs\Help\Working\BuildReferenceTopics.proj]
BuildAssembler : warning : ResolveReferenceLinksComponent: [P:TouchScript.Gestures.Simple.TwoPointTransform2DGestureBase.PreviousScreenPosition] Unknown reference link target &#39;T:UnityEngine.Vector2&#39;. [Z:\Work\TouchScript\TouchScript\Docs\Help\Working\BuildReferenceTopics.proj]
BuildAssembler : warning : ResolveReferenceLinksComponent: [F:TouchScript.Gestures.Simple.TwoPointTransform2DGestureBase.screenPosition] Unknown reference link target &#39;T:UnityEngine.Vector2&#39;. [Z:\Work\TouchScript\TouchScript\Docs\Help\Working\BuildReferenceTopics.proj]
BuildAssembler : warning : ResolveReferenceLinksComponent: [P:TouchScript.Gestures.Simple.TwoPointTransform2DGestureBase.ScreenPosition] Unknown reference link target &#39;T:UnityEngine.Vector2&#39;. [Z:\Work\TouchScript\TouchScript\Docs\Help\Working\BuildReferenceTopics.proj]
BuildAssembler : warning : ShowMissingComponent: [N:TouchScript.Hit] Missing &lt;summary&gt; documentation [Z:\Work\TouchScript\TouchScript\Docs\Help\Working\BuildReferenceTopics.proj]
BuildAssembler : warning : ResolveReferenceLinksComponent: [T:TouchScript.Hit.HitTest] Unknown reference link target &#39;T:UnityEngine.Object&#39;. [Z:\Work\TouchScript\TouchScript\Docs\Help\Working\BuildReferenceTopics.proj]
BuildAssembler : warning : ResolveReferenceLinksComponent: [T:TouchScript.Hit.HitTest] Unknown reference link target &#39;T:UnityEngine.Component&#39;. [Z:\Work\TouchScript\TouchScript\Docs\Help\Working\BuildReferenceTopics.proj]
BuildAssembler : warning : ResolveReferenceLinksComponent: [T:TouchScript.Hit.HitTest] Unknown reference link target &#39;T:UnityEngine.Behaviour&#39;. [Z:\Work\TouchScript\TouchScript\Docs\Help\Working\BuildReferenceTopics.proj]
BuildAssembler : warning : ResolveReferenceLinksComponent: [T:TouchScript.Hit.HitTest] Unknown reference link target &#39;T:UnityEngine.MonoBehaviour&#39;. [Z:\Work\TouchScript\TouchScript\Docs\Help\Working\BuildReferenceTopics.proj]
BuildAssembler : warning : ResolveReferenceLinksComponent: [P:TouchScript.Hit.ITouchHit.Point] Unknown reference link target &#39;T:UnityEngine.Vector3&#39;. [Z:\Work\TouchScript\TouchScript\Docs\Help\Working\BuildReferenceTopics.proj]
BuildAssembler : warning : ResolveReferenceLinksComponent: [P:TouchScript.Hit.ITouchHit.Transform] Unknown reference link target &#39;T:UnityEngine.Transform&#39;. [Z:\Work\TouchScript\TouchScript\Docs\Help\Working\BuildReferenceTopics.proj]
BuildAssembler : warning : ResolveReferenceLinksComponent: [P:TouchScript.Hit.ITouchHit2D.Collider2D] Unknown reference link target &#39;T:UnityEngine.Collider2D&#39;. [Z:\Work\TouchScript\TouchScript\Docs\Help\Working\BuildReferenceTopics.proj]
BuildAssembler : warning : ResolveReferenceLinksComponent: [P:TouchScript.Hit.ITouchHit2D.Rigidbody2D] Unknown reference link target &#39;T:UnityEngine.Rigidbody2D&#39;. [Z:\Work\TouchScript\TouchScript\Docs\Help\Working\BuildReferenceTopics.proj]
BuildAssembler : warning : ResolveReferenceLinksComponent: [P:TouchScript.Hit.ITouchHit3D.Collider] Unknown reference link target &#39;T:UnityEngine.Collider&#39;. [Z:\Work\TouchScript\TouchScript\Docs\Help\Working\BuildReferenceTopics.proj]
BuildAssembler : warning : ResolveReferenceLinksComponent: [P:TouchScript.Hit.ITouchHit3D.Normal] Unknown reference link target &#39;T:UnityEngine.Vector3&#39;. [Z:\Work\TouchScript\TouchScript\Docs\Help\Working\BuildReferenceTopics.proj]
BuildAssembler : warning : ResolveReferenceLinksComponent: [P:TouchScript.Hit.ITouchHit3D.Rigidbody] Unknown reference link target &#39;T:UnityEngine.Rigidbody&#39;. [Z:\Work\TouchScript\TouchScript\Docs\Help\Working\BuildReferenceTopics.proj]
BuildAssembler : warning : ResolveReferenceLinksComponent: [M:TouchScript.Hit.ITouchHitFactory.GetTouchHit(UnityEngine.RaycastHit)] Unknown reference link target &#39;T:UnityEngine.RaycastHit&#39;. [Z:\Work\TouchScript\TouchScript\Docs\Help\Working\BuildReferenceTopics.proj]
BuildAssembler : warning : ResolveReferenceLinksComponent: [M:TouchScript.Hit.ITouchHitFactory.GetTouchHit(UnityEngine.RaycastHit2D)] Unknown reference link target &#39;T:UnityEngine.RaycastHit2D&#39;. [Z:\Work\TouchScript\TouchScript\Docs\Help\Working\BuildReferenceTopics.proj]
BuildAssembler : warning : ShowMissingComponent: [M:TouchScript.Hit.ITouchHitFactory.GetTouchHit(UnityEngine.Transform,UnityEngine.Vector3)] Missing &lt;param name=&quot;point&quot;/&gt; documentation [Z:\Work\TouchScript\TouchScript\Docs\Help\Working\BuildReferenceTopics.proj]
BuildAssembler : warning : ResolveReferenceLinksComponent: [M:TouchScript.Hit.ITouchHitFactory.GetTouchHit(UnityEngine.Transform,UnityEngine.Vector3)] Unknown reference link target &#39;T:UnityEngine.Transform&#39;. [Z:\Work\TouchScript\TouchScript\Docs\Help\Working\BuildReferenceTopics.proj]
BuildAssembler : warning : ResolveReferenceLinksComponent: [M:TouchScript.Hit.ITouchHitFactory.GetTouchHit(UnityEngine.Transform,UnityEngine.Vector3)] Unknown reference link target &#39;T:UnityEngine.Vector3&#39;. [Z:\Work\TouchScript\TouchScript\Docs\Help\Working\BuildReferenceTopics.proj]
BuildAssembler : warning : ResolveReferenceLinksComponent: [M:TouchScript.Hit.TouchHitFactory.GetTouchHit(UnityEngine.RaycastHit)] Unknown reference link target &#39;T:UnityEngine.RaycastHit&#39;. [Z:\Work\TouchScript\TouchScript\Docs\Help\Working\BuildReferenceTopics.proj]
BuildAssembler : warning : ResolveReferenceLinksComponent: [M:TouchScript.Hit.TouchHitFactory.GetTouchHit(UnityEngine.RaycastHit2D)] Unknown reference link target &#39;T:UnityEngine.RaycastHit2D&#39;. [Z:\Work\TouchScript\TouchScript\Docs\Help\Working\BuildReferenceTopics.proj]
BuildAssembler : warning : ShowMissingComponent: [M:TouchScript.Hit.TouchHitFactory.GetTouchHit(UnityEngine.Transform,UnityEngine.Vector3)] Missing &lt;param name=&quot;point&quot;/&gt; documentation [Z:\Work\TouchScript\TouchScript\Docs\Help\Working\BuildReferenceTopics.proj]
BuildAssembler : warning : ResolveReferenceLinksComponent: [M:TouchScript.Hit.TouchHitFactory.GetTouchHit(UnityEngine.Transform,UnityEngine.Vector3)] Unknown reference link target &#39;T:UnityEngine.Transform&#39;. [Z:\Work\TouchScript\TouchScript\Docs\Help\Working\BuildReferenceTopics.proj]
BuildAssembler : warning : ResolveReferenceLinksComponent: [M:TouchScript.Hit.TouchHitFactory.GetTouchHit(UnityEngine.Transform,UnityEngine.Vector3)] Unknown reference link target &#39;T:UnityEngine.Vector3&#39;. [Z:\Work\TouchScript\TouchScript\Docs\Help\Working\BuildReferenceTopics.proj]
BuildAssembler : warning : ResolveReferenceLinksComponent: [T:TouchScript.Hit.Untouchable] Unknown reference link target &#39;T:UnityEngine.Object&#39;. [Z:\Work\TouchScript\TouchScript\Docs\Help\Working\BuildReferenceTopics.proj]
BuildAssembler : warning : ResolveReferenceLinksComponent: [T:TouchScript.Hit.Untouchable] Unknown reference link target &#39;T:UnityEngine.Component&#39;. [Z:\Work\TouchScript\TouchScript\Docs\Help\Working\BuildReferenceTopics.proj]
BuildAssembler : warning : ResolveReferenceLinksComponent: [T:TouchScript.Hit.Untouchable] Unknown reference link target &#39;T:UnityEngine.Behaviour&#39;. [Z:\Work\TouchScript\TouchScript\Docs\Help\Working\BuildReferenceTopics.proj]
BuildAssembler : warning : ResolveReferenceLinksComponent: [T:TouchScript.Hit.Untouchable] Unknown reference link target &#39;T:UnityEngine.MonoBehaviour&#39;. [Z:\Work\TouchScript\TouchScript\Docs\Help\Working\BuildReferenceTopics.proj]
BuildAssembler : warning : ShowMissingComponent: [N:TouchScript.InputSources] Missing &lt;summary&gt; documentation [Z:\Work\TouchScript\TouchScript\Docs\Help\Working\BuildReferenceTopics.proj]
BuildAssembler : warning : ResolveReferenceLinksComponent: [M:TouchScript.InputSources.ICoordinatesRemapper.Remap(UnityEngine.Vector2)] Unknown reference link target &#39;T:UnityEngine.Vector2&#39;. [Z:\Work\TouchScript\TouchScript\Docs\Help\Working\BuildReferenceTopics.proj]
BuildAssembler : warning : ResolveReferenceLinksComponent: [M:TouchScript.InputSources.ICoordinatesRemapper.Remap(UnityEngine.Vector2)] Unknown reference link target &#39;T:UnityEngine.Vector2&#39;. [Z:\Work\TouchScript\TouchScript\Docs\Help\Working\BuildReferenceTopics.proj]
BuildAssembler : warning : ResolveReferenceLinksComponent: [T:TouchScript.InputSources.InputSource] Unknown reference link target &#39;T:UnityEngine.Object&#39;. [Z:\Work\TouchScript\TouchScript\Docs\Help\Working\BuildReferenceTopics.proj]
BuildAssembler : warning : ResolveReferenceLinksComponent: [T:TouchScript.InputSources.InputSource] Unknown reference link target &#39;T:UnityEngine.Component&#39;. [Z:\Work\TouchScript\TouchScript\Docs\Help\Working\BuildReferenceTopics.proj]
BuildAssembler : warning : ResolveReferenceLinksComponent: [T:TouchScript.InputSources.InputSource] Unknown reference link target &#39;T:UnityEngine.Behaviour&#39;. [Z:\Work\TouchScript\TouchScript\Docs\Help\Working\BuildReferenceTopics.proj]
BuildAssembler : warning : ResolveReferenceLinksComponent: [T:TouchScript.InputSources.InputSource] Unknown reference link target &#39;T:UnityEngine.MonoBehaviour&#39;. [Z:\Work\TouchScript\TouchScript\Docs\Help\Working\BuildReferenceTopics.proj]
BuildAssembler : warning : ResolveReferenceLinksComponent: [M:TouchScript.InputSources.InputSource.beginTouch(UnityEngine.Vector2)] Unknown reference link target &#39;T:UnityEngine.Vector2&#39;. [Z:\Work\TouchScript\TouchScript\Docs\Help\Working\BuildReferenceTopics.proj]
BuildAssembler : warning : ResolveReferenceLinksComponent: [M:TouchScript.InputSources.InputSource.beginTouch(UnityEngine.Vector2,TouchScript.Tags)] Unknown reference link target &#39;T:UnityEngine.Vector2&#39;. [Z:\Work\TouchScript\TouchScript\Docs\Help\Working\BuildReferenceTopics.proj]
BuildAssembler : warning : ResolveReferenceLinksComponent: [M:TouchScript.InputSources.InputSource.moveTouch(System.Int32,UnityEngine.Vector2)] Unknown reference link target &#39;T:UnityEngine.Vector2&#39;. [Z:\Work\TouchScript\TouchScript\Docs\Help\Working\BuildReferenceTopics.proj]
BuildAssembler : warning : ResolveReferenceLinksComponent: [T:TouchScript.InputSources.MobileInput] Unknown reference link target &#39;T:UnityEngine.Object&#39;. [Z:\Work\TouchScript\TouchScript\Docs\Help\Working\BuildReferenceTopics.proj]
BuildAssembler : warning : ResolveReferenceLinksComponent: [T:TouchScript.InputSources.MobileInput] Unknown reference link target &#39;T:UnityEngine.Component&#39;. [Z:\Work\TouchScript\TouchScript\Docs\Help\Working\BuildReferenceTopics.proj]
BuildAssembler : warning : ResolveReferenceLinksComponent: [T:TouchScript.InputSources.MobileInput] Unknown reference link target &#39;T:UnityEngine.Behaviour&#39;. [Z:\Work\TouchScript\TouchScript\Docs\Help\Working\BuildReferenceTopics.proj]
BuildAssembler : warning : ResolveReferenceLinksComponent: [T:TouchScript.InputSources.MobileInput] Unknown reference link target &#39;T:UnityEngine.MonoBehaviour&#39;. [Z:\Work\TouchScript\TouchScript\Docs\Help\Working\BuildReferenceTopics.proj]
BuildAssembler : warning : ResolveReferenceLinksComponent: [T:TouchScript.InputSources.MouseInput] Unknown reference link target &#39;T:UnityEngine.Object&#39;. [Z:\Work\TouchScript\TouchScript\Docs\Help\Working\BuildReferenceTopics.proj]
BuildAssembler : warning : ResolveReferenceLinksComponent: [T:TouchScript.InputSources.MouseInput] Unknown reference link target &#39;T:UnityEngine.Component&#39;. [Z:\Work\TouchScript\TouchScript\Docs\Help\Working\BuildReferenceTopics.proj]
BuildAssembler : warning : ResolveReferenceLinksComponent: [T:TouchScript.InputSources.MouseInput] Unknown reference link target &#39;T:UnityEngine.Behaviour&#39;. [Z:\Work\TouchScript\TouchScript\Docs\Help\Working\BuildReferenceTopics.proj]
BuildAssembler : warning : ResolveReferenceLinksComponent: [T:TouchScript.InputSources.MouseInput] Unknown reference link target &#39;T:UnityEngine.MonoBehaviour&#39;. [Z:\Work\TouchScript\TouchScript\Docs\Help\Working\BuildReferenceTopics.proj]
BuildAssembler : warning : ResolveReferenceLinksComponent: [T:TouchScript.InputSources.TuioInput] Unknown reference link target &#39;T:UnityEngine.Object&#39;. [Z:\Work\TouchScript\TouchScript\Docs\Help\Working\BuildReferenceTopics.proj]
BuildAssembler : warning : ResolveReferenceLinksComponent: [T:TouchScript.InputSources.TuioInput] Unknown reference link target &#39;T:UnityEngine.Component&#39;. [Z:\Work\TouchScript\TouchScript\Docs\Help\Working\BuildReferenceTopics.proj]
BuildAssembler : warning : ResolveReferenceLinksComponent: [T:TouchScript.InputSources.TuioInput] Unknown reference link target &#39;T:UnityEngine.Behaviour&#39;. [Z:\Work\TouchScript\TouchScript\Docs\Help\Working\BuildReferenceTopics.proj]
BuildAssembler : warning : ResolveReferenceLinksComponent: [T:TouchScript.InputSources.TuioInput] Unknown reference link target &#39;T:UnityEngine.MonoBehaviour&#39;. [Z:\Work\TouchScript\TouchScript\Docs\Help\Working\BuildReferenceTopics.proj]
BuildAssembler : warning : ResolveReferenceLinksComponent: [T:TouchScript.InputSources.Win7TouchInput] Unknown reference link target &#39;T:UnityEngine.Object&#39;. [Z:\Work\TouchScript\TouchScript\Docs\Help\Working\BuildReferenceTopics.proj]
BuildAssembler : warning : ResolveReferenceLinksComponent: [T:TouchScript.InputSources.Win7TouchInput] Unknown reference link target &#39;T:UnityEngine.Component&#39;. [Z:\Work\TouchScript\TouchScript\Docs\Help\Working\BuildReferenceTopics.proj]
BuildAssembler : warning : ResolveReferenceLinksComponent: [T:TouchScript.InputSources.Win7TouchInput] Unknown reference link target &#39;T:UnityEngine.Behaviour&#39;. [Z:\Work\TouchScript\TouchScript\Docs\Help\Working\BuildReferenceTopics.proj]
BuildAssembler : warning : ResolveReferenceLinksComponent: [T:TouchScript.InputSources.Win7TouchInput] Unknown reference link target &#39;T:UnityEngine.MonoBehaviour&#39;. [Z:\Work\TouchScript\TouchScript\Docs\Help\Working\BuildReferenceTopics.proj]
BuildAssembler : warning : ResolveReferenceLinksComponent: [T:TouchScript.InputSources.Win8TouchInput] Unknown reference link target &#39;T:UnityEngine.Object&#39;. [Z:\Work\TouchScript\TouchScript\Docs\Help\Working\BuildReferenceTopics.proj]
BuildAssembler : warning : ResolveReferenceLinksComponent: [T:TouchScript.InputSources.Win8TouchInput] Unknown reference link target &#39;T:UnityEngine.Component&#39;. [Z:\Work\TouchScript\TouchScript\Docs\Help\Working\BuildReferenceTopics.proj]
BuildAssembler : warning : ResolveReferenceLinksComponent: [T:TouchScript.InputSources.Win8TouchInput] Unknown reference link target &#39;T:UnityEngine.Behaviour&#39;. [Z:\Work\TouchScript\TouchScript\Docs\Help\Working\BuildReferenceTopics.proj]
BuildAssembler : warning : ResolveReferenceLinksComponent: [T:TouchScript.InputSources.Win8TouchInput] Unknown reference link target &#39;T:UnityEngine.MonoBehaviour&#39;. [Z:\Work\TouchScript\TouchScript\Docs\Help\Working\BuildReferenceTopics.proj]
BuildAssembler : warning : ShowMissingComponent: [N:TouchScript.Layers] Missing &lt;summary&gt; documentation [Z:\Work\TouchScript\TouchScript\Docs\Help\Working\BuildReferenceTopics.proj]
BuildAssembler : warning : ResolveReferenceLinksComponent: [T:TouchScript.Layers.CameraLayer] Unknown reference link target &#39;T:UnityEngine.Object&#39;. [Z:\Work\TouchScript\TouchScript\Docs\Help\Working\BuildReferenceTopics.proj]
BuildAssembler : warning : ResolveReferenceLinksComponent: [T:TouchScript.Layers.CameraLayer] Unknown reference link target &#39;T:UnityEngine.Component&#39;. [Z:\Work\TouchScript\TouchScript\Docs\Help\Working\BuildReferenceTopics.proj]
BuildAssembler : warning : ResolveReferenceLinksComponent: [T:TouchScript.Layers.CameraLayer] Unknown reference link target &#39;T:UnityEngine.Behaviour&#39;. [Z:\Work\TouchScript\TouchScript\Docs\Help\Working\BuildReferenceTopics.proj]
BuildAssembler : warning : ResolveReferenceLinksComponent: [T:TouchScript.Layers.CameraLayer] Unknown reference link target &#39;T:UnityEngine.MonoBehaviour&#39;. [Z:\Work\TouchScript\TouchScript\Docs\Help\Working\BuildReferenceTopics.proj]
BuildAssembler : warning : ResolveReferenceLinksComponent: [T:TouchScript.Layers.CameraLayer2D] Unknown reference link target &#39;T:UnityEngine.Object&#39;. [Z:\Work\TouchScript\TouchScript\Docs\Help\Working\BuildReferenceTopics.proj]
BuildAssembler : warning : ResolveReferenceLinksComponent: [T:TouchScript.Layers.CameraLayer2D] Unknown reference link target &#39;T:UnityEngine.Component&#39;. [Z:\Work\TouchScript\TouchScript\Docs\Help\Working\BuildReferenceTopics.proj]
BuildAssembler : warning : ResolveReferenceLinksComponent: [T:TouchScript.Layers.CameraLayer2D] Unknown reference link target &#39;T:UnityEngine.Behaviour&#39;. [Z:\Work\TouchScript\TouchScript\Docs\Help\Working\BuildReferenceTopics.proj]
BuildAssembler : warning : ResolveReferenceLinksComponent: [T:TouchScript.Layers.CameraLayer2D] Unknown reference link target &#39;T:UnityEngine.MonoBehaviour&#39;. [Z:\Work\TouchScript\TouchScript\Docs\Help\Working\BuildReferenceTopics.proj]
BuildAssembler : warning : ResolveReferenceLinksComponent: [T:TouchScript.Layers.CameraLayerBase] Unknown reference link target &#39;T:UnityEngine.Object&#39;. [Z:\Work\TouchScript\TouchScript\Docs\Help\Working\BuildReferenceTopics.proj]
BuildAssembler : warning : ResolveReferenceLinksComponent: [T:TouchScript.Layers.CameraLayerBase] Unknown reference link target &#39;T:UnityEngine.Component&#39;. [Z:\Work\TouchScript\TouchScript\Docs\Help\Working\BuildReferenceTopics.proj]
BuildAssembler : warning : ResolveReferenceLinksComponent: [T:TouchScript.Layers.CameraLayerBase] Unknown reference link target &#39;T:UnityEngine.Behaviour&#39;. [Z:\Work\TouchScript\TouchScript\Docs\Help\Working\BuildReferenceTopics.proj]
BuildAssembler : warning : ResolveReferenceLinksComponent: [T:TouchScript.Layers.CameraLayerBase] Unknown reference link target &#39;T:UnityEngine.MonoBehaviour&#39;. [Z:\Work\TouchScript\TouchScript\Docs\Help\Working\BuildReferenceTopics.proj]
BuildAssembler : warning : ResolveReferenceLinksComponent: [F:TouchScript.Layers.CameraLayerBase._camera] Unknown reference link target &#39;T:UnityEngine.Camera&#39;. [Z:\Work\TouchScript\TouchScript\Docs\Help\Working\BuildReferenceTopics.proj]
BuildAssembler : warning : ResolveReferenceLinksComponent: [F:TouchScript.Layers.CameraLayerBase.cachedTransform] Unknown reference link target &#39;T:UnityEngine.Transform&#39;. [Z:\Work\TouchScript\TouchScript\Docs\Help\Working\BuildReferenceTopics.proj]
BuildAssembler : warning : ResolveReferenceLinksComponent: [M:TouchScript.Layers.CameraLayerBase.castRay(UnityEngine.Ray,TouchScript.Hit.ITouchHit@)] Unknown reference link target &#39;T:UnityEngine.Ray&#39;. [Z:\Work\TouchScript\TouchScript\Docs\Help\Working\BuildReferenceTopics.proj]
BuildAssembler : warning : ResolveReferenceLinksComponent: [M:TouchScript.Layers.CameraLayerBase.Hit(UnityEngine.Vector2,TouchScript.Hit.ITouchHit@)] Unknown reference link target &#39;T:UnityEngine.Vector2&#39;. [Z:\Work\TouchScript\TouchScript\Docs\Help\Working\BuildReferenceTopics.proj]
BuildAssembler : warning : ResolveReferenceLinksComponent: [P:TouchScript.Layers.CameraLayerBase.LayerMask] Unknown reference link target &#39;T:UnityEngine.LayerMask&#39;. [Z:\Work\TouchScript\TouchScript\Docs\Help\Working\BuildReferenceTopics.proj]
BuildAssembler : warning : ResolveReferenceLinksComponent: [P:TouchScript.Layers.CameraLayerBase.LayerOrigin] Unknown reference link target &#39;T:UnityEngine.Vector3&#39;. [Z:\Work\TouchScript\TouchScript\Docs\Help\Working\BuildReferenceTopics.proj]
BuildAssembler : warning : ResolveReferenceLinksComponent: [M:TouchScript.Layers.CameraLayerBase.ProjectTo(UnityEngine.Vector2,UnityEngine.Vector3,UnityEngine.Vector3)] Unknown reference link target &#39;T:UnityEngine.Vector2&#39;. [Z:\Work\TouchScript\TouchScript\Docs\Help\Working\BuildReferenceTopics.proj]
BuildAssembler : warning : ResolveReferenceLinksComponent: [M:TouchScript.Layers.CameraLayerBase.ProjectTo(UnityEngine.Vector2,UnityEngine.Vector3,UnityEngine.Vector3)] Unknown reference link target &#39;T:UnityEngine.Vector3&#39;. [Z:\Work\TouchScript\TouchScript\Docs\Help\Working\BuildReferenceTopics.proj]
BuildAssembler : warning : ResolveReferenceLinksComponent: [M:TouchScript.Layers.CameraLayerBase.ProjectTo(UnityEngine.Vector2,UnityEngine.Vector3,UnityEngine.Vector3)] Unknown reference link target &#39;T:UnityEngine.Vector3&#39;. [Z:\Work\TouchScript\TouchScript\Docs\Help\Working\BuildReferenceTopics.proj]
BuildAssembler : warning : ResolveReferenceLinksComponent: [M:TouchScript.Layers.CameraLayerBase.ProjectTo(UnityEngine.Vector2,UnityEngine.Vector3,UnityEngine.Vector3)] Unknown reference link target &#39;T:UnityEngine.Vector3&#39;. [Z:\Work\TouchScript\TouchScript\Docs\Help\Working\BuildReferenceTopics.proj]
BuildAssembler : warning : ResolveReferenceLinksComponent: [P:TouchScript.Layers.CameraLayerBase.WorldProjectionNormal] Unknown reference link target &#39;T:UnityEngine.Vector3&#39;. [Z:\Work\TouchScript\TouchScript\Docs\Help\Working\BuildReferenceTopics.proj]
BuildAssembler : warning : ResolveReferenceLinksComponent: [T:TouchScript.Layers.FullscreenLayer] Unknown reference link target &#39;T:UnityEngine.Object&#39;. [Z:\Work\TouchScript\TouchScript\Docs\Help\Working\BuildReferenceTopics.proj]
BuildAssembler : warning : ResolveReferenceLinksComponent: [T:TouchScript.Layers.FullscreenLayer] Unknown reference link target &#39;T:UnityEngine.Component&#39;. [Z:\Work\TouchScript\TouchScript\Docs\Help\Working\BuildReferenceTopics.proj]
BuildAssembler : warning : ResolveReferenceLinksComponent: [T:TouchScript.Layers.FullscreenLayer] Unknown reference link target &#39;T:UnityEngine.Behaviour&#39;. [Z:\Work\TouchScript\TouchScript\Docs\Help\Working\BuildReferenceTopics.proj]
BuildAssembler : warning : ResolveReferenceLinksComponent: [T:TouchScript.Layers.FullscreenLayer] Unknown reference link target &#39;T:UnityEngine.MonoBehaviour&#39;. [Z:\Work\TouchScript\TouchScript\Docs\Help\Working\BuildReferenceTopics.proj]
BuildAssembler : warning : ResolveReferenceLinksComponent: [P:TouchScript.Layers.FullscreenLayer.Camera] Unknown reference link target &#39;T:UnityEngine.Camera&#39;. [Z:\Work\TouchScript\TouchScript\Docs\Help\Working\BuildReferenceTopics.proj]
BuildAssembler : warning : ResolveReferenceLinksComponent: [M:TouchScript.Layers.FullscreenLayer.Hit(UnityEngine.Vector2,TouchScript.Hit.ITouchHit@)] Unknown reference link target &#39;T:UnityEngine.Vector2&#39;. [Z:\Work\TouchScript\TouchScript\Docs\Help\Working\BuildReferenceTopics.proj]
BuildAssembler : warning : ResolveReferenceLinksComponent: [P:TouchScript.Layers.FullscreenLayer.LayerOrigin] Unknown reference link target &#39;T:UnityEngine.Vector3&#39;. [Z:\Work\TouchScript\TouchScript\Docs\Help\Working\BuildReferenceTopics.proj]
BuildAssembler : warning : ResolveReferenceLinksComponent: [M:TouchScript.Layers.FullscreenLayer.ProjectTo(UnityEngine.Vector2,UnityEngine.Vector3,UnityEngine.Vector3)] Unknown reference link target &#39;T:UnityEngine.Vector2&#39;. [Z:\Work\TouchScript\TouchScript\Docs\Help\Working\BuildReferenceTopics.proj]
BuildAssembler : warning : ResolveReferenceLinksComponent: [M:TouchScript.Layers.FullscreenLayer.ProjectTo(UnityEngine.Vector2,UnityEngine.Vector3,UnityEngine.Vector3)] Unknown reference link target &#39;T:UnityEngine.Vector3&#39;. [Z:\Work\TouchScript\TouchScript\Docs\Help\Working\BuildReferenceTopics.proj]
BuildAssembler : warning : ResolveReferenceLinksComponent: [M:TouchScript.Layers.FullscreenLayer.ProjectTo(UnityEngine.Vector2,UnityEngine.Vector3,UnityEngine.Vector3)] Unknown reference link target &#39;T:UnityEngine.Vector3&#39;. [Z:\Work\TouchScript\TouchScript\Docs\Help\Working\BuildReferenceTopics.proj]
BuildAssembler : warning : ResolveReferenceLinksComponent: [M:TouchScript.Layers.FullscreenLayer.ProjectTo(UnityEngine.Vector2,UnityEngine.Vector3,UnityEngine.Vector3)] Unknown reference link target &#39;T:UnityEngine.Vector3&#39;. [Z:\Work\TouchScript\TouchScript\Docs\Help\Working\BuildReferenceTopics.proj]
BuildAssembler : warning : ResolveReferenceLinksComponent: [P:TouchScript.Layers.FullscreenLayer.WorldProjectionNormal] Unknown reference link target &#39;T:UnityEngine.Vector3&#39;. [Z:\Work\TouchScript\TouchScript\Docs\Help\Working\BuildReferenceTopics.proj]
BuildAssembler : warning : ResolveReferenceLinksComponent: [T:TouchScript.Layers.TouchLayer] Unknown reference link target &#39;T:UnityEngine.Object&#39;. [Z:\Work\TouchScript\TouchScript\Docs\Help\Working\BuildReferenceTopics.proj]
BuildAssembler : warning : ResolveReferenceLinksComponent: [T:TouchScript.Layers.TouchLayer] Unknown reference link target &#39;T:UnityEngine.Component&#39;. [Z:\Work\TouchScript\TouchScript\Docs\Help\Working\BuildReferenceTopics.proj]
BuildAssembler : warning : ResolveReferenceLinksComponent: [T:TouchScript.Layers.TouchLayer] Unknown reference link target &#39;T:UnityEngine.Behaviour&#39;. [Z:\Work\TouchScript\TouchScript\Docs\Help\Working\BuildReferenceTopics.proj]
BuildAssembler : warning : ResolveReferenceLinksComponent: [T:TouchScript.Layers.TouchLayer] Unknown reference link target &#39;T:UnityEngine.MonoBehaviour&#39;. [Z:\Work\TouchScript\TouchScript\Docs\Help\Working\BuildReferenceTopics.proj]
BuildAssembler : warning : ResolveReferenceLinksComponent: [M:TouchScript.Layers.TouchLayer.Hit(UnityEngine.Vector2,TouchScript.Hit.ITouchHit@)] Unknown reference link target &#39;T:UnityEngine.Vector2&#39;. [Z:\Work\TouchScript\TouchScript\Docs\Help\Working\BuildReferenceTopics.proj]
BuildAssembler : warning : ResolveReferenceLinksComponent: [P:TouchScript.Layers.TouchLayer.LayerOrigin] Unknown reference link target &#39;T:UnityEngine.Vector3&#39;. [Z:\Work\TouchScript\TouchScript\Docs\Help\Working\BuildReferenceTopics.proj]
BuildAssembler : warning : ResolveReferenceLinksComponent: [M:TouchScript.Layers.TouchLayer.ProjectTo(UnityEngine.Vector2,UnityEngine.Vector3,UnityEngine.Vector3)] Unknown reference link target &#39;T:UnityEngine.Vector2&#39;. [Z:\Work\TouchScript\TouchScript\Docs\Help\Working\BuildReferenceTopics.proj]
BuildAssembler : warning : ResolveReferenceLinksComponent: [M:TouchScript.Layers.TouchLayer.ProjectTo(UnityEngine.Vector2,UnityEngine.Vector3,UnityEngine.Vector3)] Unknown reference link target &#39;T:UnityEngine.Vector3&#39;. [Z:\Work\TouchScript\TouchScript\Docs\Help\Working\BuildReferenceTopics.proj]
BuildAssembler : warning : ResolveReferenceLinksComponent: [M:TouchScript.Layers.TouchLayer.ProjectTo(UnityEngine.Vector2,UnityEngine.Vector3,UnityEngine.Vector3)] Unknown reference link target &#39;T:UnityEngine.Vector3&#39;. [Z:\Work\TouchScript\TouchScript\Docs\Help\Working\BuildReferenceTopics.proj]
BuildAssembler : warning : ResolveReferenceLinksComponent: [M:TouchScript.Layers.TouchLayer.ProjectTo(UnityEngine.Vector2,UnityEngine.Vector3,UnityEngine.Vector3)] Unknown reference link target &#39;T:UnityEngine.Vector3&#39;. [Z:\Work\TouchScript\TouchScript\Docs\Help\Working\BuildReferenceTopics.proj]
BuildAssembler : warning : ResolveReferenceLinksComponent: [P:TouchScript.Layers.TouchLayer.WorldProjectionNormal] Unknown reference link target &#39;T:UnityEngine.Vector3&#39;. [Z:\Work\TouchScript\TouchScript\Docs\Help\Working\BuildReferenceTopics.proj]
BuildAssembler : warning : ShowMissingComponent: [N:TouchScript.Utils] Missing &lt;summary&gt; documentation [Z:\Work\TouchScript\TouchScript\Docs\Help\Working\BuildReferenceTopics.proj]
BuildAssembler : warning : ResolveReferenceLinksComponent: [M:TouchScript.Utils.ClusterUtils.Get2DCenterPosition(System.Collections.Generic.IList{TouchScript.ITouch})] Unknown reference link target &#39;T:UnityEngine.Vector2&#39;. [Z:\Work\TouchScript\TouchScript\Docs\Help\Working\BuildReferenceTopics.proj]
BuildAssembler : warning : ResolveReferenceLinksComponent: [M:TouchScript.Utils.ClusterUtils.GetPrevious2DCenterPosition(System.Collections.Generic.IList{TouchScript.ITouch})] Unknown reference link target &#39;T:UnityEngine.Vector2&#39;. [Z:\Work\TouchScript\TouchScript\Docs\Help\Working\BuildReferenceTopics.proj]
BuildAssembler : warning : ShowMissingComponent: [N:TouchScript.Utils.Attributes] Missing &lt;summary&gt; documentation [Z:\Work\TouchScript\TouchScript\Docs\Help\Working\BuildReferenceTopics.proj]
BuildAssembler : warning : ResolveReferenceLinksComponent: [T:TouchScript.Utils.Attributes.NullToggleAttribute] Unknown reference link target &#39;T:UnityEngine.PropertyAttribute&#39;. [Z:\Work\TouchScript\TouchScript\Docs\Help\Working\BuildReferenceTopics.proj]
BuildAssembler : warning : ResolveReferenceLinksComponent: [F:TouchScript.Utils.Attributes.NullToggleAttribute.NullObjectValue] Unknown reference link target &#39;T:UnityEngine.Object&#39;. [Z:\Work\TouchScript\TouchScript\Docs\Help\Working\BuildReferenceTopics.proj]
BuildAssembler : warning : ResolveReferenceLinksComponent: [T:TouchScript.Utils.Attributes.ToggleLeftAttribute] Unknown reference link target &#39;T:UnityEngine.PropertyAttribute&#39;. [Z:\Work\TouchScript\TouchScript\Docs\Help\Working\BuildReferenceTopics.proj]
  Processed 630 topic(s)
  264 warning(s)
  CopyFromIndexComponent: &quot;reflection&quot; in-memory cache entries used: 3 of 15.
  CopyFromIndexComponent: &quot;comments&quot; in-memory cache entries used: 4 of 30.
Done Building Project &quot;Z:\Work\TouchScript\TouchScript\Docs\Help\Working\BuildReferenceTopics.proj&quot; (default targets).

Build succeeded.

Time Elapsed 00:00:17.54
    Last step completed in 00:00:18.9136
</buildStep>
<buildStep step="CombiningIntermediateTocFiles">
Combining conceptual and API intermediate TOC files...

Clearing any prior web output
    Last step completed in 00:00:00.0740
</buildStep>
<buildStep step="ExtractingHtmlInfo">
Extracting HTML info for HTML Help 1 and/or website...
[C:\Windows\Microsoft.NET\Framework64\v4.0.30319\MSBuild.exe]
Sandcastle Help File Builder, version 2014.5.31.0
Copyright c 2006-2014, Eric Woodruff, All Rights Reserved
E-Mail: Eric@EWoodruff.us

Using LCID &#39;1033&#39;, code page &#39;65001&#39;, encoding charset &#39;UTF-8&#39;.

Processing website files in Z:\Work\TouchScript\TouchScript\Docs\Help\Working\Output\Website
Processed 630 HTML files
Sorting keywords and generating See Also indices
Saving website keyword index to Z:\Work\TouchScript\TouchScript\Docs\Help\Working\WebKI.xml
Saving website table of contents to Z:\Work\TouchScript\TouchScript\Docs\Help\Working\WebTOC.xml
    Last step completed in 00:00:01.6011
</buildStep>
<buildStep step="CopyStandardHelpContent">
Copying standard help content...
C:\Program Files (x86)\EWSoftware\Sandcastle Help File Builder\PresentationStyles\VS2010\icons\alert_caution.gif -&gt; Z:\Work\TouchScript\TouchScript\Docs\Help\Working\Output\Website\icons\alert_caution.gif
C:\Program Files (x86)\EWSoftware\Sandcastle Help File Builder\PresentationStyles\VS2010\icons\alert_note.gif -&gt; Z:\Work\TouchScript\TouchScript\Docs\Help\Working\Output\Website\icons\alert_note.gif
C:\Program Files (x86)\EWSoftware\Sandcastle Help File Builder\PresentationStyles\VS2010\icons\alert_security.gif -&gt; Z:\Work\TouchScript\TouchScript\Docs\Help\Working\Output\Website\icons\alert_security.gif
C:\Program Files (x86)\EWSoftware\Sandcastle Help File Builder\PresentationStyles\VS2010\icons\CFW.gif -&gt; Z:\Work\TouchScript\TouchScript\Docs\Help\Working\Output\Website\icons\CFW.gif
C:\Program Files (x86)\EWSoftware\Sandcastle Help File Builder\PresentationStyles\VS2010\icons\CodeExample.png -&gt; Z:\Work\TouchScript\TouchScript\Docs\Help\Working\Output\Website\icons\CodeExample.png
C:\Program Files (x86)\EWSoftware\Sandcastle Help File Builder\PresentationStyles\VS2010\icons\favicon.ico -&gt; Z:\Work\TouchScript\TouchScript\Docs\Help\Working\Output\Website\icons\favicon.ico
C:\Program Files (x86)\EWSoftware\Sandcastle Help File Builder\PresentationStyles\VS2010\icons\footer_slice.gif -&gt; Z:\Work\TouchScript\TouchScript\Docs\Help\Working\Output\Website\icons\footer_slice.gif
C:\Program Files (x86)\EWSoftware\Sandcastle Help File Builder\PresentationStyles\VS2010\icons\privclass.gif -&gt; Z:\Work\TouchScript\TouchScript\Docs\Help\Working\Output\Website\icons\privclass.gif
C:\Program Files (x86)\EWSoftware\Sandcastle Help File Builder\PresentationStyles\VS2010\icons\privdelegate.gif -&gt; Z:\Work\TouchScript\TouchScript\Docs\Help\Working\Output\Website\icons\privdelegate.gif
C:\Program Files (x86)\EWSoftware\Sandcastle Help File Builder\PresentationStyles\VS2010\icons\privenumeration.gif -&gt; Z:\Work\TouchScript\TouchScript\Docs\Help\Working\Output\Website\icons\privenumeration.gif
C:\Program Files (x86)\EWSoftware\Sandcastle Help File Builder\PresentationStyles\VS2010\icons\privevent.gif -&gt; Z:\Work\TouchScript\TouchScript\Docs\Help\Working\Output\Website\icons\privevent.gif
C:\Program Files (x86)\EWSoftware\Sandcastle Help File Builder\PresentationStyles\VS2010\icons\privextension.gif -&gt; Z:\Work\TouchScript\TouchScript\Docs\Help\Working\Output\Website\icons\privextension.gif
C:\Program Files (x86)\EWSoftware\Sandcastle Help File Builder\PresentationStyles\VS2010\icons\privfield.gif -&gt; Z:\Work\TouchScript\TouchScript\Docs\Help\Working\Output\Website\icons\privfield.gif
C:\Program Files (x86)\EWSoftware\Sandcastle Help File Builder\PresentationStyles\VS2010\icons\privinterface.gif -&gt; Z:\Work\TouchScript\TouchScript\Docs\Help\Working\Output\Website\icons\privinterface.gif
C:\Program Files (x86)\EWSoftware\Sandcastle Help File Builder\PresentationStyles\VS2010\icons\privmethod.gif -&gt; Z:\Work\TouchScript\TouchScript\Docs\Help\Working\Output\Website\icons\privmethod.gif
C:\Program Files (x86)\EWSoftware\Sandcastle Help File Builder\PresentationStyles\VS2010\icons\privproperty.gif -&gt; Z:\Work\TouchScript\TouchScript\Docs\Help\Working\Output\Website\icons\privproperty.gif
C:\Program Files (x86)\EWSoftware\Sandcastle Help File Builder\PresentationStyles\VS2010\icons\privstructure.gif -&gt; Z:\Work\TouchScript\TouchScript\Docs\Help\Working\Output\Website\icons\privstructure.gif
C:\Program Files (x86)\EWSoftware\Sandcastle Help File Builder\PresentationStyles\VS2010\icons\protclass.gif -&gt; Z:\Work\TouchScript\TouchScript\Docs\Help\Working\Output\Website\icons\protclass.gif
C:\Program Files (x86)\EWSoftware\Sandcastle Help File Builder\PresentationStyles\VS2010\icons\protdelegate.gif -&gt; Z:\Work\TouchScript\TouchScript\Docs\Help\Working\Output\Website\icons\protdelegate.gif
C:\Program Files (x86)\EWSoftware\Sandcastle Help File Builder\PresentationStyles\VS2010\icons\protenumeration.gif -&gt; Z:\Work\TouchScript\TouchScript\Docs\Help\Working\Output\Website\icons\protenumeration.gif
C:\Program Files (x86)\EWSoftware\Sandcastle Help File Builder\PresentationStyles\VS2010\icons\protevent.gif -&gt; Z:\Work\TouchScript\TouchScript\Docs\Help\Working\Output\Website\icons\protevent.gif
C:\Program Files (x86)\EWSoftware\Sandcastle Help File Builder\PresentationStyles\VS2010\icons\protextension.gif -&gt; Z:\Work\TouchScript\TouchScript\Docs\Help\Working\Output\Website\icons\protextension.gif
C:\Program Files (x86)\EWSoftware\Sandcastle Help File Builder\PresentationStyles\VS2010\icons\protfield.gif -&gt; Z:\Work\TouchScript\TouchScript\Docs\Help\Working\Output\Website\icons\protfield.gif
C:\Program Files (x86)\EWSoftware\Sandcastle Help File Builder\PresentationStyles\VS2010\icons\protinterface.gif -&gt; Z:\Work\TouchScript\TouchScript\Docs\Help\Working\Output\Website\icons\protinterface.gif
C:\Program Files (x86)\EWSoftware\Sandcastle Help File Builder\PresentationStyles\VS2010\icons\protmethod.gif -&gt; Z:\Work\TouchScript\TouchScript\Docs\Help\Working\Output\Website\icons\protmethod.gif
C:\Program Files (x86)\EWSoftware\Sandcastle Help File Builder\PresentationStyles\VS2010\icons\protoperator.gif -&gt; Z:\Work\TouchScript\TouchScript\Docs\Help\Working\Output\Website\icons\protoperator.gif
C:\Program Files (x86)\EWSoftware\Sandcastle Help File Builder\PresentationStyles\VS2010\icons\protproperty.gif -&gt; Z:\Work\TouchScript\TouchScript\Docs\Help\Working\Output\Website\icons\protproperty.gif
C:\Program Files (x86)\EWSoftware\Sandcastle Help File Builder\PresentationStyles\VS2010\icons\protstructure.gif -&gt; Z:\Work\TouchScript\TouchScript\Docs\Help\Working\Output\Website\icons\protstructure.gif
C:\Program Files (x86)\EWSoftware\Sandcastle Help File Builder\PresentationStyles\VS2010\icons\pubclass.gif -&gt; Z:\Work\TouchScript\TouchScript\Docs\Help\Working\Output\Website\icons\pubclass.gif
C:\Program Files (x86)\EWSoftware\Sandcastle Help File Builder\PresentationStyles\VS2010\icons\pubdelegate.gif -&gt; Z:\Work\TouchScript\TouchScript\Docs\Help\Working\Output\Website\icons\pubdelegate.gif
C:\Program Files (x86)\EWSoftware\Sandcastle Help File Builder\PresentationStyles\VS2010\icons\pubenumeration.gif -&gt; Z:\Work\TouchScript\TouchScript\Docs\Help\Working\Output\Website\icons\pubenumeration.gif
C:\Program Files (x86)\EWSoftware\Sandcastle Help File Builder\PresentationStyles\VS2010\icons\pubevent.gif -&gt; Z:\Work\TouchScript\TouchScript\Docs\Help\Working\Output\Website\icons\pubevent.gif
C:\Program Files (x86)\EWSoftware\Sandcastle Help File Builder\PresentationStyles\VS2010\icons\pubextension.gif -&gt; Z:\Work\TouchScript\TouchScript\Docs\Help\Working\Output\Website\icons\pubextension.gif
C:\Program Files (x86)\EWSoftware\Sandcastle Help File Builder\PresentationStyles\VS2010\icons\pubfield.gif -&gt; Z:\Work\TouchScript\TouchScript\Docs\Help\Working\Output\Website\icons\pubfield.gif
C:\Program Files (x86)\EWSoftware\Sandcastle Help File Builder\PresentationStyles\VS2010\icons\pubinterface.gif -&gt; Z:\Work\TouchScript\TouchScript\Docs\Help\Working\Output\Website\icons\pubinterface.gif
C:\Program Files (x86)\EWSoftware\Sandcastle Help File Builder\PresentationStyles\VS2010\icons\pubmethod.gif -&gt; Z:\Work\TouchScript\TouchScript\Docs\Help\Working\Output\Website\icons\pubmethod.gif
C:\Program Files (x86)\EWSoftware\Sandcastle Help File Builder\PresentationStyles\VS2010\icons\puboperator.gif -&gt; Z:\Work\TouchScript\TouchScript\Docs\Help\Working\Output\Website\icons\puboperator.gif
C:\Program Files (x86)\EWSoftware\Sandcastle Help File Builder\PresentationStyles\VS2010\icons\pubproperty.gif -&gt; Z:\Work\TouchScript\TouchScript\Docs\Help\Working\Output\Website\icons\pubproperty.gif
C:\Program Files (x86)\EWSoftware\Sandcastle Help File Builder\PresentationStyles\VS2010\icons\pubstructure.gif -&gt; Z:\Work\TouchScript\TouchScript\Docs\Help\Working\Output\Website\icons\pubstructure.gif
C:\Program Files (x86)\EWSoftware\Sandcastle Help File Builder\PresentationStyles\VS2010\icons\slMobile.gif -&gt; Z:\Work\TouchScript\TouchScript\Docs\Help\Working\Output\Website\icons\slMobile.gif
C:\Program Files (x86)\EWSoftware\Sandcastle Help File Builder\PresentationStyles\VS2010\icons\static.gif -&gt; Z:\Work\TouchScript\TouchScript\Docs\Help\Working\Output\Website\icons\static.gif
C:\Program Files (x86)\EWSoftware\Sandcastle Help File Builder\PresentationStyles\VS2010\icons\tabLeftBG.gif -&gt; Z:\Work\TouchScript\TouchScript\Docs\Help\Working\Output\Website\icons\tabLeftBG.gif
C:\Program Files (x86)\EWSoftware\Sandcastle Help File Builder\PresentationStyles\VS2010\icons\tabRightBG.gif -&gt; Z:\Work\TouchScript\TouchScript\Docs\Help\Working\Output\Website\icons\tabRightBG.gif
C:\Program Files (x86)\EWSoftware\Sandcastle Help File Builder\PresentationStyles\VS2010\icons\xna.gif -&gt; Z:\Work\TouchScript\TouchScript\Docs\Help\Working\Output\Website\icons\xna.gif
C:\Program Files (x86)\EWSoftware\Sandcastle Help File Builder\PresentationStyles\VS2010\scripts\branding.js -&gt; Z:\Work\TouchScript\TouchScript\Docs\Help\Working\Output\Website\scripts\branding.js
C:\Program Files (x86)\EWSoftware\Sandcastle Help File Builder\PresentationStyles\VS2010\styles\branding-cs-CZ.css -&gt; Z:\Work\TouchScript\TouchScript\Docs\Help\Working\Output\Website\styles\branding-cs-CZ.css
C:\Program Files (x86)\EWSoftware\Sandcastle Help File Builder\PresentationStyles\VS2010\styles\branding-de-DE.css -&gt; Z:\Work\TouchScript\TouchScript\Docs\Help\Working\Output\Website\styles\branding-de-DE.css
C:\Program Files (x86)\EWSoftware\Sandcastle Help File Builder\PresentationStyles\VS2010\styles\branding-en-US.css -&gt; Z:\Work\TouchScript\TouchScript\Docs\Help\Working\Output\Website\styles\branding-en-US.css
C:\Program Files (x86)\EWSoftware\Sandcastle Help File Builder\PresentationStyles\VS2010\styles\branding-es-ES.css -&gt; Z:\Work\TouchScript\TouchScript\Docs\Help\Working\Output\Website\styles\branding-es-ES.css
C:\Program Files (x86)\EWSoftware\Sandcastle Help File Builder\PresentationStyles\VS2010\styles\branding-fr-FR.css -&gt; Z:\Work\TouchScript\TouchScript\Docs\Help\Working\Output\Website\styles\branding-fr-FR.css
C:\Program Files (x86)\EWSoftware\Sandcastle Help File Builder\PresentationStyles\VS2010\styles\branding-Help1.css -&gt; Z:\Work\TouchScript\TouchScript\Docs\Help\Working\Output\Website\styles\branding-Help1.css
C:\Program Files (x86)\EWSoftware\Sandcastle Help File Builder\PresentationStyles\VS2010\styles\branding-Help2.css -&gt; Z:\Work\TouchScript\TouchScript\Docs\Help\Working\Output\Website\styles\branding-Help2.css
C:\Program Files (x86)\EWSoftware\Sandcastle Help File Builder\PresentationStyles\VS2010\styles\branding-HelpViewer.css -&gt; Z:\Work\TouchScript\TouchScript\Docs\Help\Working\Output\Website\styles\branding-HelpViewer.css
C:\Program Files (x86)\EWSoftware\Sandcastle Help File Builder\PresentationStyles\VS2010\styles\branding-it-IT.css -&gt; Z:\Work\TouchScript\TouchScript\Docs\Help\Working\Output\Website\styles\branding-it-IT.css
C:\Program Files (x86)\EWSoftware\Sandcastle Help File Builder\PresentationStyles\VS2010\styles\branding-ja-JP.css -&gt; Z:\Work\TouchScript\TouchScript\Docs\Help\Working\Output\Website\styles\branding-ja-JP.css
C:\Program Files (x86)\EWSoftware\Sandcastle Help File Builder\PresentationStyles\VS2010\styles\branding-ko-KR.css -&gt; Z:\Work\TouchScript\TouchScript\Docs\Help\Working\Output\Website\styles\branding-ko-KR.css
C:\Program Files (x86)\EWSoftware\Sandcastle Help File Builder\PresentationStyles\VS2010\styles\branding-pl-PL.css -&gt; Z:\Work\TouchScript\TouchScript\Docs\Help\Working\Output\Website\styles\branding-pl-PL.css
C:\Program Files (x86)\EWSoftware\Sandcastle Help File Builder\PresentationStyles\VS2010\styles\branding-pt-BR.css -&gt; Z:\Work\TouchScript\TouchScript\Docs\Help\Working\Output\Website\styles\branding-pt-BR.css
C:\Program Files (x86)\EWSoftware\Sandcastle Help File Builder\PresentationStyles\VS2010\styles\branding-ru-RU.css -&gt; Z:\Work\TouchScript\TouchScript\Docs\Help\Working\Output\Website\styles\branding-ru-RU.css
C:\Program Files (x86)\EWSoftware\Sandcastle Help File Builder\PresentationStyles\VS2010\styles\branding-tr-TR.css -&gt; Z:\Work\TouchScript\TouchScript\Docs\Help\Working\Output\Website\styles\branding-tr-TR.css
C:\Program Files (x86)\EWSoftware\Sandcastle Help File Builder\PresentationStyles\VS2010\styles\branding-zh-CN.css -&gt; Z:\Work\TouchScript\TouchScript\Docs\Help\Working\Output\Website\styles\branding-zh-CN.css
C:\Program Files (x86)\EWSoftware\Sandcastle Help File Builder\PresentationStyles\VS2010\styles\branding-zh-TW.css -&gt; Z:\Work\TouchScript\TouchScript\Docs\Help\Working\Output\Website\styles\branding-zh-TW.css
C:\Program Files (x86)\EWSoftware\Sandcastle Help File Builder\PresentationStyles\VS2010\styles\branding.css -&gt; Z:\Work\TouchScript\TouchScript\Docs\Help\Working\Output\Website\styles\branding.css
C:\Program Files (x86)\EWSoftware\Sandcastle Help File Builder\PresentationStyles\VS2010\..\LegacyWeb\CloseSearch.png -&gt; Z:\Work\TouchScript\TouchScript\Docs\Help\Working\Output\Website\CloseSearch.png
C:\Program Files (x86)\EWSoftware\Sandcastle Help File Builder\PresentationStyles\VS2010\..\LegacyWeb\CollapseAll.png -&gt; Z:\Work\TouchScript\TouchScript\Docs\Help\Working\Output\Website\CollapseAll.png
C:\Program Files (x86)\EWSoftware\Sandcastle Help File Builder\PresentationStyles\VS2010\..\LegacyWeb\Collapsed.gif -&gt; Z:\Work\TouchScript\TouchScript\Docs\Help\Working\Output\Website\Collapsed.gif
C:\Program Files (x86)\EWSoftware\Sandcastle Help File Builder\PresentationStyles\VS2010\..\LegacyWeb\Expanded.gif -&gt; Z:\Work\TouchScript\TouchScript\Docs\Help\Working\Output\Website\Expanded.gif
C:\Program Files (x86)\EWSoftware\Sandcastle Help File Builder\PresentationStyles\VS2010\..\LegacyWeb\favicon.ico -&gt; Z:\Work\TouchScript\TouchScript\Docs\Help\Working\Output\Website\favicon.ico
C:\Program Files (x86)\EWSoftware\Sandcastle Help File Builder\PresentationStyles\VS2010\..\LegacyWeb\FillNode.aspx -&gt; Z:\Work\TouchScript\TouchScript\Docs\Help\Working\Output\Website\FillNode.aspx
C:\Program Files (x86)\EWSoftware\Sandcastle Help File Builder\PresentationStyles\VS2010\..\LegacyWeb\FillNode.php -&gt; Z:\Work\TouchScript\TouchScript\Docs\Help\Working\Output\Website\FillNode.php
C:\Program Files (x86)\EWSoftware\Sandcastle Help File Builder\PresentationStyles\VS2010\..\LegacyWeb\Index.aspx -&gt; Z:\Work\TouchScript\TouchScript\Docs\Help\Working\Output\Website\Index.aspx
C:\Program Files (x86)\EWSoftware\Sandcastle Help File Builder\PresentationStyles\VS2010\..\LegacyWeb\Index.gif -&gt; Z:\Work\TouchScript\TouchScript\Docs\Help\Working\Output\Website\Index.gif
C:\Program Files (x86)\EWSoftware\Sandcastle Help File Builder\PresentationStyles\VS2010\..\LegacyWeb\index.html -&gt; Z:\Work\TouchScript\TouchScript\Docs\Help\Working\Output\Website\index.html
C:\Program Files (x86)\EWSoftware\Sandcastle Help File Builder\PresentationStyles\VS2010\..\LegacyWeb\index.php -&gt; Z:\Work\TouchScript\TouchScript\Docs\Help\Working\Output\Website\index.php
C:\Program Files (x86)\EWSoftware\Sandcastle Help File Builder\PresentationStyles\VS2010\..\LegacyWeb\Item.gif -&gt; Z:\Work\TouchScript\TouchScript\Docs\Help\Working\Output\Website\Item.gif
C:\Program Files (x86)\EWSoftware\Sandcastle Help File Builder\PresentationStyles\VS2010\..\LegacyWeb\LoadIndexKeywords.aspx -&gt; Z:\Work\TouchScript\TouchScript\Docs\Help\Working\Output\Website\LoadIndexKeywords.aspx
C:\Program Files (x86)\EWSoftware\Sandcastle Help File Builder\PresentationStyles\VS2010\..\LegacyWeb\LoadIndexKeywords.php -&gt; Z:\Work\TouchScript\TouchScript\Docs\Help\Working\Output\Website\LoadIndexKeywords.php
C:\Program Files (x86)\EWSoftware\Sandcastle Help File Builder\PresentationStyles\VS2010\..\LegacyWeb\Search.gif -&gt; Z:\Work\TouchScript\TouchScript\Docs\Help\Working\Output\Website\Search.gif
C:\Program Files (x86)\EWSoftware\Sandcastle Help File Builder\PresentationStyles\VS2010\..\LegacyWeb\SearchHelp.aspx -&gt; Z:\Work\TouchScript\TouchScript\Docs\Help\Working\Output\Website\SearchHelp.aspx
C:\Program Files (x86)\EWSoftware\Sandcastle Help File Builder\PresentationStyles\VS2010\..\LegacyWeb\SearchHelp.inc.php -&gt; Z:\Work\TouchScript\TouchScript\Docs\Help\Working\Output\Website\SearchHelp.inc.php
C:\Program Files (x86)\EWSoftware\Sandcastle Help File Builder\PresentationStyles\VS2010\..\LegacyWeb\SearchHelp.php -&gt; Z:\Work\TouchScript\TouchScript\Docs\Help\Working\Output\Website\SearchHelp.php
C:\Program Files (x86)\EWSoftware\Sandcastle Help File Builder\PresentationStyles\VS2010\..\LegacyWeb\Splitter.gif -&gt; Z:\Work\TouchScript\TouchScript\Docs\Help\Working\Output\Website\Splitter.gif
C:\Program Files (x86)\EWSoftware\Sandcastle Help File Builder\PresentationStyles\VS2010\..\LegacyWeb\SyncTOC.gif -&gt; Z:\Work\TouchScript\TouchScript\Docs\Help\Working\Output\Website\SyncTOC.gif
C:\Program Files (x86)\EWSoftware\Sandcastle Help File Builder\PresentationStyles\VS2010\..\LegacyWeb\TOC.css -&gt; Z:\Work\TouchScript\TouchScript\Docs\Help\Working\Output\Website\TOC.css
C:\Program Files (x86)\EWSoftware\Sandcastle Help File Builder\PresentationStyles\VS2010\..\LegacyWeb\TOC.js -&gt; Z:\Work\TouchScript\TouchScript\Docs\Help\Working\Output\Website\TOC.js
C:\Program Files (x86)\EWSoftware\Sandcastle Help File Builder\PresentationStyles\VS2010\..\LegacyWeb\Web.Config -&gt; Z:\Work\TouchScript\TouchScript\Docs\Help\Working\Output\Website\Web.Config
    Last step completed in 00:00:03.3953
</buildStep>
<buildStep step="GenerateHelpFormatTableOfContents">
Generating website table of contents file...
    Last step completed in 00:00:00.0370
</buildStep>
<buildStep step="GenerateFullTextIndex">
Generating full-text index for the website...

    Last step completed in 00:00:00.2710
</buildStep>
<buildStep step="CopyingWebsiteFiles">
Copying website files to output folder...

Copied 100 files
Copied 200 files
Copied 300 files
Copied 400 files
Copied 500 files
Copied 600 files
Copied 700 files
Copied 741 files for the website content
    Last step completed in 00:00:02.7923
</buildStep>
<buildStep step="CleanIntermediates">
Removing intermediate files...
    Last step completed in 00:00:00.4410
</buildStep>
<buildStep step="Completed">

Build completed successfully at 11/05/2014 09:27 PM.  Total time: 00:00:33.3200

</buildStep>
</shfbBuild>
